2024-05-06 09:51:40.540 [pool-3-thread-1] INFO  com.rs.mv.mvvs.client.catalog.from.scan.CurrentPathScanner - [client:400205]scan file in current open file directory(C:/Users/JZ4874/Documents/scada-react/src/components/sideBar)
2024-05-06 09:52:12.234 [pool-3-thread-1] INFO  com.rs.mv.mvvs.client.catalog.from.scan.CurrentPathScanner - [client:400205]scan file in current open file directory(C:/Users/JZ4874/Documents/scada-react/src/components/alarmsSideBar)
2024-05-06 09:52:13.999 [pool-3-thread-1] INFO  com.rs.mv.mvvs.client.catalog.from.scan.CurrentPathScanner - [client:400205]scan file in current open file directory(C:/Users/JZ4874/Documents/scada-react/src/components/sideBar)
2024-05-06 09:55:23.619 [pool-3-thread-1] INFO  com.rs.mv.mvvs.client.catalog.from.scan.CurrentPathScanner - [client:400205]scan file in current open file directory(C:/Users/JZ4874/Documents/scada-react/src/components/sideBar)
2024-05-06 09:55:27.411 [pool-3-thread-1] INFO  com.rs.mv.mvvs.client.catalog.from.scan.CurrentPathScanner - [client:400205]scan file in current open file directory(C:/Users/JZ4874/Documents/scada-react/src/components/sideBar)
2024-05-06 09:57:04.461 [pool-3-thread-1] INFO  com.rs.mv.mvvs.client.catalog.from.scan.CurrentPathScanner - [client:400205]scan file in current open file directory(C:/Users/JZ4874/Documents/scada-react/src/components/sideBar)
2024-05-06 09:57:12.636 [pool-3-thread-1] INFO  com.rs.mv.mvvs.client.catalog.from.scan.CurrentPathScanner - [client:400205]scan file in current open file directory(C:/Users/JZ4874/Documents/scada-react/src/components/sideBar)
2024-05-06 09:57:41.386 [pool-3-thread-1] INFO  com.rs.mv.mvvs.client.catalog.from.scan.CurrentPathScanner - [client:400205]scan file in current open file directory(C:/Users/JZ4874/Documents/scada-react/src/components/sideBar)
2024-05-06 09:59:29.521 [pool-3-thread-1] INFO  com.rs.mv.mvvs.client.catalog.from.scan.CurrentPathScanner - [client:400205]scan file in current open file directory(C:/Users/JZ4874/Documents/scada-react/src/components/navBar)
2024-05-06 09:59:32.300 [pool-3-thread-1] INFO  com.rs.mv.mvvs.client.catalog.from.scan.CurrentPathScanner - [client:400205]scan file in current open file directory(C:/Users/JZ4874/Documents/scada-react/src/components/sideBar)
2024-05-06 09:59:57.210 [pool-3-thread-1] INFO  com.rs.mv.mvvs.client.catalog.from.scan.CurrentPathScanner - [client:400205]scan file in current open file directory(C:/Users/JZ4874/Documents/scada-react/src/components/navBar)
2024-05-06 10:00:06.570 [pool-3-thread-1] INFO  com.rs.mv.mvvs.client.catalog.from.scan.CurrentPathScanner - [client:400205]scan file in current open file directory(C:/Users/JZ4874/Documents/scada-react/src/components/sideBar)
2024-05-06 10:00:45.409 [pool-3-thread-1] INFO  com.rs.mv.mvvs.client.catalog.from.scan.CurrentPathScanner - [client:400205]scan file in current open file directory(C:/Users/JZ4874/Documents/scada-react/src/components/navBar)
2024-05-06 10:00:46.906 [pool-3-thread-1] INFO  com.rs.mv.mvvs.client.catalog.from.scan.CurrentPathScanner - [client:400205]scan file in current open file directory(C:/Users/JZ4874/Documents/scada-react/src/components/navBar)
2024-05-06 10:01:06.917 [pool-3-thread-1] INFO  com.rs.mv.mvvs.client.catalog.from.scan.CurrentPathScanner - [client:400205]scan file in current open file directory(C:/Users/JZ4874/Documents/scada-react/src/components/sideBar)
2024-05-06 10:01:11.520 [pool-3-thread-1] INFO  com.rs.mv.mvvs.client.catalog.from.scan.CurrentPathScanner - [client:400205]scan file in current open file directory(C:/Users/JZ4874/Documents/scada-react/src/components/navBar)
2024-05-06 10:03:06.214 [pool-3-thread-1] INFO  com.rs.mv.mvvs.client.catalog.from.scan.CurrentPathScanner - [client:400205]scan file in current open file directory(C:/Users/JZ4874/Documents/scada-react/src/components/sideBar)
2024-05-06 10:03:10.949 [pool-3-thread-1] INFO  com.rs.mv.mvvs.client.catalog.from.scan.CurrentPathScanner - [client:400205]scan file in current open file directory(C:/Users/JZ4874/Documents/scada-react/src/components/navBar)
2024-05-06 10:08:52.832 [pool-3-thread-1] INFO  com.rs.mv.mvvs.client.catalog.from.scan.CurrentPathScanner - [client:400205]scan file in current open file directory(C:/Users/JZ4874/Documents/scada-react/src/components/navBar)
2024-05-06 10:09:32.430 [pool-3-thread-1] INFO  com.rs.mv.mvvs.client.catalog.from.scan.CurrentPathScanner - [client:400205]scan file in current open file directory(C:/Users/JZ4874/Documents/scada-react/src/components/navBar)
2024-05-06 10:12:07.822 [pool-3-thread-1] INFO  com.rs.mv.mvvs.client.catalog.from.scan.CurrentPathScanner - [client:400205]scan file in current open file directory(C:/Users/JZ4874/Documents/scada-react/src/components/alarmsSideBar)
2024-05-06 10:12:09.542 [pool-3-thread-1] INFO  com.rs.mv.mvvs.client.catalog.from.scan.CurrentPathScanner - [client:400205]scan file in current open file directory(C:/Users/JZ4874/Documents/scada-react/src/components/alarmsSideBar)
2024-05-06 10:15:32.193 [pool-3-thread-1] INFO  com.rs.mv.mvvs.client.catalog.from.scan.CurrentPathScanner - [client:400205]scan file in current open file directory(C:/Users/JZ4874/Documents/scada-react/src/components/measurement)
2024-05-06 10:20:17.563 [pool-3-thread-1] INFO  com.rs.mv.mvvs.client.catalog.from.scan.CurrentPathScanner - [client:400205]scan file in current open file directory(C:/Users/JZ4874/Documents/scada-react/src/components/sideBar)
2024-05-06 10:20:54.954 [pool-3-thread-1] INFO  com.rs.mv.mvvs.client.catalog.from.scan.CurrentPathScanner - [client:400205]scan file in current open file directory(C:/Users/JZ4874/Documents/scada-react/src/components/measurement)
2024-05-06 10:26:31.714 [pool-3-thread-1] INFO  com.rs.mv.mvvs.client.catalog.from.scan.CurrentPathScanner - [client:400205]scan file in current open file directory(C:/Users/JZ4874/Documents/scada-react/src/components/navBar)
2024-05-06 10:26:33.205 [pool-3-thread-1] INFO  com.rs.mv.mvvs.client.catalog.from.scan.CurrentPathScanner - [client:400205]scan file in current open file directory(C:/Users/JZ4874/Documents/scada-react/src/components/alarmsSideBar)
2024-05-06 10:26:46.829 [pool-3-thread-1] INFO  com.rs.mv.mvvs.client.catalog.from.scan.CurrentPathScanner - [client:400205]scan file in current open file directory(C:/Users/JZ4874/Documents/scada-react/src/components/measurement)
2024-05-06 10:26:48.285 [pool-3-thread-1] INFO  com.rs.mv.mvvs.client.catalog.from.scan.CurrentPathScanner - [client:400205]scan file in current open file directory(C:/Users/JZ4874/Documents/scada-react/src/components/alarmsSideBar)
2024-05-06 10:26:58.178 [pool-3-thread-1] INFO  com.rs.mv.mvvs.client.catalog.from.scan.CurrentPathScanner - [client:400205]scan file in current open file directory(C:/Users/JZ4874/Documents/scada-react/src/components/measurement)
2024-05-06 10:27:00.851 [pool-3-thread-1] INFO  com.rs.mv.mvvs.client.catalog.from.scan.CurrentPathScanner - [client:400205]scan file in current open file directory(C:/Users/JZ4874/Documents/scada-react/src/components/alarmsSideBar)
2024-05-06 10:27:03.785 [pool-3-thread-1] INFO  com.rs.mv.mvvs.client.catalog.from.scan.CurrentPathScanner - [client:400205]scan file in current open file directory(C:/Users/JZ4874/Documents/scada-react/src/components/navBar)
2024-05-06 10:27:07.684 [pool-3-thread-1] INFO  com.rs.mv.mvvs.client.catalog.from.scan.CurrentPathScanner - [client:400205]scan file in current open file directory(C:/Users/JZ4874/Documents/scada-react/src/components/measurement)
2024-05-06 10:27:18.863 [pool-3-thread-1] INFO  com.rs.mv.mvvs.client.catalog.from.scan.CurrentPathScanner - [client:400205]scan file in current open file directory(C:/Users/JZ4874/Documents/scada-react/src/components/alarmsSideBar)
2024-05-06 10:27:31.855 [pool-3-thread-1] INFO  com.rs.mv.mvvs.client.catalog.from.scan.CurrentPathScanner - [client:400205]scan file in current open file directory(C:/Users/JZ4874/Documents/scada-react/src/components/measurement)
2024-05-06 10:27:35.947 [pool-3-thread-1] INFO  com.rs.mv.mvvs.client.catalog.from.scan.CurrentPathScanner - [client:400205]scan file in current open file directory(C:/Users/JZ4874/Documents/scada-react/src/components/alarmsSideBar)
2024-05-06 10:27:38.140 [pool-3-thread-1] INFO  com.rs.mv.mvvs.client.catalog.from.scan.CurrentPathScanner - [client:400205]scan file in current open file directory(C:/Users/JZ4874/Documents/scada-react/src/components/navBar)
2024-05-06 10:27:48.593 [pool-3-thread-1] INFO  com.rs.mv.mvvs.client.catalog.from.scan.CurrentPathScanner - [client:400205]scan file in current open file directory(C:/Users/JZ4874/Documents/scada-react/src)
2024-05-06 10:28:06.839 [pool-3-thread-1] INFO  com.rs.mv.mvvs.client.catalog.from.scan.CurrentPathScanner - [client:400205]scan file in current open file directory(C:/Users/JZ4874/Documents/scada-react/src/components/sideBar)
2024-05-06 10:28:07.923 [pool-3-thread-1] INFO  com.rs.mv.mvvs.client.catalog.from.scan.CurrentPathScanner - [client:400205]scan file in current open file directory(C:/Users/JZ4874/Documents/scada-react/src/components/sideBar)
2024-05-06 10:28:36.612 [pool-3-thread-1] INFO  com.rs.mv.mvvs.client.catalog.from.scan.CurrentPathScanner - [client:400205]scan file in current open file directory(C:/Users/JZ4874/Documents/scada-react/src/components/alarmsSideBar)
2024-05-06 10:28:42.491 [pool-3-thread-1] INFO  com.rs.mv.mvvs.client.catalog.from.scan.CurrentPathScanner - [client:400205]scan file in current open file directory(C:/Users/JZ4874/Documents/scada-react/src)
2024-05-06 11:40:19.158 [pool-3-thread-1] INFO  com.rs.mv.mvvs.client.catalog.from.scan.CurrentPathScanner - [client:400205]scan file in current open file directory(C:/Users/JZ4874/Documents/scada-react/src/components/alarmsSideBar)
2024-05-06 11:40:54.516 [pool-3-thread-1] INFO  com.rs.mv.mvvs.client.catalog.from.scan.CurrentPathScanner - [client:400205]scan file in current open file directory(C:/Users/JZ4874/Documents/scada-react/src)
2024-05-06 11:40:55.686 [pool-3-thread-1] INFO  com.rs.mv.mvvs.client.catalog.from.scan.CurrentPathScanner - [client:400205]scan file in current open file directory(C:/Users/JZ4874/Documents/scada-react/src/components/measurement)
2024-05-06 11:41:43.120 [pool-3-thread-1] INFO  com.rs.mv.mvvs.client.catalog.from.scan.CurrentPathScanner - [client:400205]scan file in current open file directory(C:/Users/JZ4874/Documents/scada-react/src/components/fileContext)
2024-05-06 11:41:51.570 [pool-3-thread-1] INFO  com.rs.mv.mvvs.client.catalog.from.scan.CurrentPathScanner - [client:400205]scan file in current open file directory(C:/Users/JZ4874/Documents/scada-react/src/views/Boiler)
2024-05-06 11:41:55.439 [pool-3-thread-1] INFO  com.rs.mv.mvvs.client.catalog.from.scan.CurrentPathScanner - [client:400205]scan file in current open file directory(C:/Users/JZ4874/Documents/scada-react/src)
2024-05-06 11:42:12.807 [pool-3-thread-1] INFO  com.rs.mv.mvvs.client.catalog.from.scan.CurrentPathScanner - [client:400205]scan file in current open file directory(C:/Users/JZ4874/Documents/scada-react/src/components/navBar)
2024-05-06 11:42:23.780 [pool-3-thread-1] INFO  com.rs.mv.mvvs.client.catalog.from.scan.CurrentPathScanner - [client:400205]scan file in current open file directory(C:/Users/JZ4874/Documents/scada-react/src/components/sideBar)
2024-05-06 11:45:51.137 [pool-3-thread-1] INFO  com.rs.mv.mvvs.client.catalog.from.scan.CurrentPathScanner - [client:400205]scan file in current open file directory(C:/Users/JZ4874/Documents/scada-react/src/views/Boiler)
2024-05-06 11:45:53.216 [pool-3-thread-1] INFO  com.rs.mv.mvvs.client.catalog.from.scan.CurrentPathScanner - [client:400205]scan file in current open file directory(C:/Users/JZ4874/Documents/scada-react/src/components/measurement)
2024-05-06 11:45:57.663 [pool-3-thread-1] INFO  com.rs.mv.mvvs.client.catalog.from.scan.CurrentPathScanner - [client:400205]scan file in current open file directory(C:/Users/JZ4874/Documents/scada-react/src/components/measurement)
2024-05-06 11:46:03.038 [pool-3-thread-1] INFO  com.rs.mv.mvvs.client.catalog.from.scan.CurrentPathScanner - [client:400205]scan file in current open file directory(C:/Users/JZ4874/Documents/scada-react/src/components/measurement)
2024-05-06 11:46:08.724 [pool-3-thread-1] INFO  com.rs.mv.mvvs.client.catalog.from.scan.CurrentPathScanner - [client:400205]scan file in current open file directory(C:/Users/JZ4874/Documents/scada-react/src/components/measurement)
2024-05-06 11:46:46.630 [pool-3-thread-1] INFO  com.rs.mv.mvvs.client.catalog.from.scan.CurrentPathScanner - [client:400205]scan file in current open file directory(C:/Users/JZ4874/Documents/scada-react/src/components/measurement)
2024-05-06 11:47:34.762 [pool-3-thread-1] INFO  com.rs.mv.mvvs.client.catalog.from.scan.CurrentPathScanner - [client:400205]scan file in current open file directory(C:/Users/JZ4874/Documents/scada-react/src/components/measurementInfo)
2024-05-06 11:47:43.898 [pool-3-thread-1] INFO  com.rs.mv.mvvs.client.catalog.from.scan.CurrentPathScanner - [client:400205]scan file in current open file directory(C:/Users/JZ4874/Documents/scada-react/src/components/measurementInfo)
2024-05-06 11:47:45.760 [pool-3-thread-1] INFO  com.rs.mv.mvvs.client.catalog.from.scan.CurrentPathScanner - [client:400205]scan file in current open file directory(C:/Users/JZ4874/Documents/scada-react/src/components/measurement)
2024-05-06 11:47:50.891 [pool-3-thread-1] INFO  com.rs.mv.mvvs.client.catalog.from.scan.CurrentPathScanner - [client:400205]scan file in current open file directory(C:/Users/JZ4874/Documents/scada-react/src/components/measurementInfo)
2024-05-06 11:47:58.167 [pool-3-thread-1] INFO  com.rs.mv.mvvs.client.catalog.from.scan.CurrentPathScanner - [client:400205]scan file in current open file directory(C:/Users/JZ4874/Documents/scada-react/src/components/measurement)
2024-05-06 11:48:04.835 [pool-3-thread-1] INFO  com.rs.mv.mvvs.client.catalog.from.scan.CurrentPathScanner - [client:400205]scan file in current open file directory(C:/Users/JZ4874/Documents/scada-react/src/components/measurementInfo)
2024-05-06 11:48:54.672 [pool-3-thread-1] INFO  com.rs.mv.mvvs.client.catalog.from.scan.CurrentPathScanner - [client:400205]scan file in current open file directory(C:/Users/JZ4874/Documents/scada-react/src/components/measurement)
2024-05-06 11:49:04.336 [pool-3-thread-1] INFO  com.rs.mv.mvvs.client.catalog.from.scan.CurrentPathScanner - [client:400205]scan file in current open file directory(C:/Users/JZ4874/Documents/scada-react/src/components/measurementInfo)
2024-05-06 11:49:18.436 [pool-3-thread-1] INFO  com.rs.mv.mvvs.client.catalog.from.scan.CurrentPathScanner - [client:400205]scan file in current open file directory(C:/Users/JZ4874/Documents/scada-react/src/components/measurement)
2024-05-06 11:49:48.624 [pool-3-thread-1] INFO  com.rs.mv.mvvs.client.catalog.from.scan.CurrentPathScanner - [client:400205]scan file in current open file directory(C:/Users/JZ4874/Documents/scada-react/src/components/measurementInfo)
2024-05-06 11:49:56.700 [pool-3-thread-1] INFO  com.rs.mv.mvvs.client.catalog.from.scan.CurrentPathScanner - [client:400205]scan file in current open file directory(C:/Users/JZ4874/Documents/scada-react/src/components/measurement)
2024-05-06 11:49:58.459 [pool-3-thread-1] INFO  com.rs.mv.mvvs.client.catalog.from.scan.CurrentPathScanner - [client:400205]scan file in current open file directory(C:/Users/JZ4874/Documents/scada-react/src/components/measurementInfo)
2024-05-06 11:50:01.944 [pool-3-thread-1] INFO  com.rs.mv.mvvs.client.catalog.from.scan.CurrentPathScanner - [client:400205]scan file in current open file directory(C:/Users/JZ4874/Documents/scada-react/src/components/measurement)
2024-05-06 11:50:05.340 [pool-3-thread-1] INFO  com.rs.mv.mvvs.client.catalog.from.scan.CurrentPathScanner - [client:400205]scan file in current open file directory(C:/Users/JZ4874/Documents/scada-react/src/components/measurementInfo)
2024-05-06 11:51:11.024 [pool-3-thread-1] INFO  com.rs.mv.mvvs.client.catalog.from.scan.CurrentPathScanner - [client:400205]scan file in current open file directory(C:/Users/JZ4874/Documents/scada-react/src/components/measurement)
2024-05-06 11:51:12.691 [pool-3-thread-1] INFO  com.rs.mv.mvvs.client.catalog.from.scan.CurrentPathScanner - [client:400205]scan file in current open file directory(C:/Users/JZ4874/Documents/scada-react/src/components/measurementInfo)
2024-05-06 11:51:20.841 [pool-3-thread-1] INFO  com.rs.mv.mvvs.client.catalog.from.scan.CurrentPathScanner - [client:400205]scan file in current open file directory(C:/Users/JZ4874/Documents/scada-react/src/components/measurement)
2024-05-06 11:51:27.693 [pool-3-thread-1] INFO  com.rs.mv.mvvs.client.catalog.from.scan.CurrentPathScanner - [client:400205]scan file in current open file directory(C:/Users/JZ4874/Documents/scada-react/src/components/measurementInfo)
2024-05-06 11:51:31.721 [pool-3-thread-1] INFO  com.rs.mv.mvvs.client.catalog.from.scan.CurrentPathScanner - [client:400205]scan file in current open file directory(C:/Users/JZ4874/Documents/scada-react/src/components/measurement)
2024-05-06 11:51:34.502 [pool-3-thread-1] INFO  com.rs.mv.mvvs.client.catalog.from.scan.CurrentPathScanner - [client:400205]scan file in current open file directory(C:/Users/JZ4874/Documents/scada-react/src/components/measurementInfo)
2024-05-06 11:51:35.492 [pool-3-thread-1] INFO  com.rs.mv.mvvs.client.catalog.from.scan.CurrentPathScanner - [client:400205]scan file in current open file directory(C:/Users/JZ4874/Documents/scada-react/src/components/measurement)
2024-05-06 11:51:48.836 [pool-3-thread-1] INFO  com.rs.mv.mvvs.client.catalog.from.scan.CurrentPathScanner - [client:400205]scan file in current open file directory(C:/Users/JZ4874/Documents/scada-react/src/components/measurementInfo)
2024-05-06 11:52:01.302 [pool-3-thread-1] INFO  com.rs.mv.mvvs.client.catalog.from.scan.CurrentPathScanner - [client:400205]scan file in current open file directory(C:/Users/JZ4874/Documents/scada-react/src/components/measurement)
2024-05-06 11:55:10.505 [pool-3-thread-1] INFO  com.rs.mv.mvvs.client.catalog.from.scan.CurrentPathScanner - [client:400205]scan file in current open file directory(C:/Users/JZ4874/Documents/scada-react/src/components/measurementInfo)
2024-05-06 11:55:12.710 [pool-3-thread-1] INFO  com.rs.mv.mvvs.client.catalog.from.scan.CurrentPathScanner - [client:400205]scan file in current open file directory(C:/Users/JZ4874/Documents/scada-react/src/components/measurement)
2024-05-06 11:55:16.821 [pool-3-thread-1] INFO  com.rs.mv.mvvs.client.catalog.from.scan.CurrentPathScanner - [client:400205]scan file in current open file directory(C:/Users/JZ4874/Documents/scada-react/src/components/measurementInfo)
2024-05-06 11:59:09.553 [pool-3-thread-1] INFO  com.rs.mv.mvvs.client.catalog.from.scan.CurrentPathScanner - [client:400205]scan file in current open file directory(C:/Users/JZ4874/Documents/scada-react/src/components/measurement)
2024-05-06 11:59:31.874 [pool-3-thread-1] INFO  com.rs.mv.mvvs.client.catalog.from.scan.CurrentPathScanner - [client:400205]scan file in current open file directory(C:/Users/JZ4874/Documents/scada-react/src/components/measurementInfo)
2024-05-06 12:08:30.972 [pool-3-thread-1] INFO  com.rs.mv.mvvs.client.catalog.from.scan.CurrentPathScanner - [client:400205]scan file in current open file directory(C:/Users/JZ4874/Documents/scada-react/src/components/measurement)
2024-05-06 12:12:45.463 [pool-3-thread-1] INFO  com.rs.mv.mvvs.client.catalog.from.scan.CurrentPathScanner - [client:400205]scan file in current open file directory(C:/Users/JZ4874/Documents/scada-react/src/components/measurementInfo)
2024-05-06 12:12:53.723 [pool-3-thread-1] INFO  com.rs.mv.mvvs.client.catalog.from.scan.CurrentPathScanner - [client:400205]scan file in current open file directory(C:/Users/JZ4874/Documents/scada-react/src/components/measurement)
2024-05-06 12:12:57.591 [pool-3-thread-1] INFO  com.rs.mv.mvvs.client.catalog.from.scan.CurrentPathScanner - [client:400205]scan file in current open file directory(C:/Users/JZ4874/Documents/scada-react/src/components/measurementInfo)
2024-05-06 12:13:08.474 [pool-3-thread-1] INFO  com.rs.mv.mvvs.client.catalog.from.scan.CurrentPathScanner - [client:400205]scan file in current open file directory(C:/Users/JZ4874/Documents/scada-react/src/components/measurement)
2024-05-06 12:13:11.530 [pool-3-thread-1] INFO  com.rs.mv.mvvs.client.catalog.from.scan.CurrentPathScanner - [client:400205]scan file in current open file directory(C:/Users/JZ4874/Documents/scada-react/src/components/measurementInfo)
2024-05-06 12:13:51.391 [pool-3-thread-1] INFO  com.rs.mv.mvvs.client.catalog.from.scan.CurrentPathScanner - [client:400205]scan file in current open file directory(C:/Users/JZ4874/Documents/scada-react/src/components/measurement)
2024-05-06 12:14:42.656 [pool-3-thread-1] INFO  com.rs.mv.mvvs.client.catalog.from.scan.CurrentPathScanner - [client:400205]scan file in current open file directory(C:/Users/JZ4874/Documents/scada-react/src/components/measurement)
2024-05-06 12:14:49.618 [pool-3-thread-1] INFO  com.rs.mv.mvvs.client.catalog.from.scan.CurrentPathScanner - [client:400205]scan file in current open file directory(C:/Users/JZ4874/Documents/scada-react/src/components/measurementInfo)
2024-05-06 12:15:04.120 [pool-3-thread-1] INFO  com.rs.mv.mvvs.client.catalog.from.scan.CurrentPathScanner - [client:400205]scan file in current open file directory(C:/Users/JZ4874/Documents/scada-react/src/components/measurement)
2024-05-06 12:15:38.672 [pool-3-thread-1] INFO  com.rs.mv.mvvs.client.catalog.from.scan.CurrentPathScanner - [client:400205]scan file in current open file directory(C:/Users/JZ4874/Documents/scada-react/src/components/measurementInfo)
2024-05-06 12:16:12.590 [pool-3-thread-1] INFO  com.rs.mv.mvvs.client.catalog.from.scan.CurrentPathScanner - [client:400205]scan file in current open file directory(C:/Users/JZ4874/Documents/scada-react/src/components/measurement)
2024-05-06 12:17:43.507 [pool-3-thread-1] INFO  com.rs.mv.mvvs.client.catalog.from.scan.CurrentPathScanner - [client:400205]scan file in current open file directory(C:/Users/JZ4874/Documents/scada-react/src/components/measurementInfo)
2024-05-06 12:17:46.067 [pool-3-thread-1] INFO  com.rs.mv.mvvs.client.catalog.from.scan.CurrentPathScanner - [client:400205]scan file in current open file directory(C:/Users/JZ4874/Documents/scada-react/src/components/measurement)
2024-05-06 12:17:46.762 [pool-3-thread-1] INFO  com.rs.mv.mvvs.client.catalog.from.scan.CurrentPathScanner - [client:400205]scan file in current open file directory(C:/Users/JZ4874/Documents/scada-react/src/components/measurementInfo)
2024-05-06 12:18:40.862 [pool-3-thread-1] INFO  com.rs.mv.mvvs.client.catalog.from.scan.CurrentPathScanner - [client:400205]scan file in current open file directory(C:/Users/JZ4874/Documents/scada-react/src/components/measurement)
2024-05-06 12:18:42.447 [pool-3-thread-1] INFO  com.rs.mv.mvvs.client.catalog.from.scan.CurrentPathScanner - [client:400205]scan file in current open file directory(C:/Users/JZ4874/Documents/scada-react/src/components/measurement)
2024-05-06 12:18:48.478 [pool-3-thread-1] INFO  com.rs.mv.mvvs.client.catalog.from.scan.CurrentPathScanner - [client:400205]scan file in current open file directory(C:/Users/JZ4874/Documents/scada-react/src/components/measurementInfo)
2024-05-06 12:22:29.827 [pool-3-thread-1] INFO  com.rs.mv.mvvs.client.catalog.from.scan.CurrentPathScanner - [client:400205]scan file in current open file directory(C:/Users/JZ4874/Documents/scada-react/src/components/measurement)
2024-05-06 12:22:56.330 [pool-3-thread-1] INFO  com.rs.mv.mvvs.client.catalog.from.scan.CurrentPathScanner - [client:400205]scan file in current open file directory(C:/Users/JZ4874/Documents/scada-react/src/components/measurementInfo)
2024-05-06 12:44:17.999 [pool-3-thread-1] INFO  com.rs.mv.mvvs.client.catalog.from.scan.CurrentPathScanner - [client:400205]scan file in current open file directory(C:/Users/JZ4874/Documents/scada-react/src/components/measurement)
2024-05-06 12:44:42.028 [pool-3-thread-1] INFO  com.rs.mv.mvvs.client.catalog.from.scan.CurrentPathScanner - [client:400205]scan file in current open file directory(C:/Users/JZ4874/Documents/scada-react/src/components/measurementInfo)
2024-05-06 13:22:47.231 [pool-3-thread-1] INFO  com.rs.mv.mvvs.client.catalog.from.scan.CurrentPathScanner - [client:400205]scan file in current open file directory(C:/Users/JZ4874/Documents/scada-react/src/components/measurement)
2024-05-06 13:22:56.121 [pool-3-thread-1] INFO  com.rs.mv.mvvs.client.catalog.from.scan.CurrentPathScanner - [client:400205]scan file in current open file directory(C:/Users/JZ4874/Documents/scada-react/src/components/measurement)
2024-05-06 13:23:02.068 [pool-3-thread-1] INFO  com.rs.mv.mvvs.client.catalog.from.scan.CurrentPathScanner - [client:400205]scan file in current open file directory(C:/Users/JZ4874/Documents/scada-react/src/components/measurement)
2024-05-06 13:23:26.931 [pool-3-thread-1] INFO  com.rs.mv.mvvs.client.catalog.from.scan.CurrentPathScanner - [client:400205]scan file in current open file directory(C:/Users/JZ4874/Documents/scada-react/src/components/measurement)
2024-05-06 13:23:43.557 [pool-3-thread-1] INFO  com.rs.mv.mvvs.client.catalog.from.scan.CurrentPathScanner - [client:400205]scan file in current open file directory(C:/Users/JZ4874/Documents/scada-react/src/components/measurement)
2024-05-06 13:24:36.492 [pool-3-thread-1] INFO  com.rs.mv.mvvs.client.catalog.from.scan.CurrentPathScanner - [client:400205]scan file in current open file directory(C:/Users/JZ4874/Documents/scada-react/src/components/measurement)
2024-05-06 13:24:37.227 [pool-3-thread-1] INFO  com.rs.mv.mvvs.client.catalog.from.scan.CurrentPathScanner - [client:400205]scan file in current open file directory(C:/Users/JZ4874/Documents/scada-react/src/components/measurementInfo)
2024-05-06 15:07:30.281 [pool-3-thread-1] INFO  com.rs.mv.mvvs.client.catalog.from.scan.CurrentPathScanner - [client:400205]scan file in current open file directory(C:/Users/JZ4874/Documents/scada-react/src/components/measurementInfo)
2024-05-06 15:08:01.745 [pool-3-thread-1] INFO  com.rs.mv.mvvs.client.catalog.from.scan.CurrentPathScanner - [client:400205]scan file in current open file directory(C:/Users/JZ4874/Documents/scada-react/src/components/measurementInfo)
2024-05-06 15:08:15.232 [pool-3-thread-1] INFO  com.rs.mv.mvvs.client.catalog.from.scan.CurrentPathScanner - [client:400205]scan file in current open file directory(C:/Users/JZ4874/Documents/scada-react/src/components/measurementInfo)
2024-05-06 15:08:31.922 [pool-3-thread-1] INFO  com.rs.mv.mvvs.client.catalog.from.scan.CurrentPathScanner - [client:400205]scan file in current open file directory(C:/Users/JZ4874/Documents/scada-react/src/components/measurementInfo)
2024-05-06 15:08:37.206 [pool-3-thread-1] INFO  com.rs.mv.mvvs.client.catalog.from.scan.CurrentPathScanner - [client:400205]scan file in current open file directory(C:/Users/JZ4874/Documents/scada-react/src/components/measurementInfo)
2024-05-06 15:10:26.987 [pool-3-thread-1] INFO  com.rs.mv.mvvs.client.catalog.from.scan.CurrentPathScanner - [client:400205]scan file in current open file directory(C:/Users/JZ4874/Documents/scada-react/src/components/measurementInfo)
2024-05-06 15:10:39.207 [pool-3-thread-1] INFO  com.rs.mv.mvvs.client.catalog.from.scan.CurrentPathScanner - [client:400205]scan file in current open file directory(C:/Users/JZ4874/Documents/scada-react/src/components/measurementInfo)
2024-05-06 15:11:41.164 [pool-3-thread-1] INFO  com.rs.mv.mvvs.client.catalog.from.scan.CurrentPathScanner - [client:400205]scan file in current open file directory(C:/Users/JZ4874/Documents/scada-react/src/components/measurementInfo)
2024-05-06 15:12:08.947 [pool-3-thread-1] INFO  com.rs.mv.mvvs.client.catalog.from.scan.CurrentPathScanner - [client:400205]scan file in current open file directory(C:/Users/JZ4874/Documents/scada-react/src/components/measurementInfo)
2024-05-06 15:12:13.968 [pool-3-thread-1] INFO  com.rs.mv.mvvs.client.catalog.from.scan.CurrentPathScanner - [client:400205]scan file in current open file directory(C:/Users/JZ4874/Documents/scada-react/src/components/measurementInfo)
2024-05-06 15:13:00.786 [pool-3-thread-1] INFO  com.rs.mv.mvvs.client.catalog.from.scan.CurrentPathScanner - [client:400205]scan file in current open file directory(C:/Users/JZ4874/Documents/scada-react/src/components/measurementInfo)
2024-05-06 15:13:03.313 [pool-3-thread-1] INFO  com.rs.mv.mvvs.client.catalog.from.scan.CurrentPathScanner - [client:400205]scan file in current open file directory(C:/Users/JZ4874/Documents/scada-react/src/components/measurementInfo)
2024-05-06 15:13:13.441 [pool-3-thread-1] INFO  com.rs.mv.mvvs.client.catalog.from.scan.CurrentPathScanner - [client:400205]scan file in current open file directory(C:/Users/JZ4874/Documents/scada-react/src/components/measurementInfo)
2024-05-06 15:13:18.799 [pool-3-thread-1] INFO  com.rs.mv.mvvs.client.catalog.from.scan.CurrentPathScanner - [client:400205]scan file in current open file directory(C:/Users/JZ4874/Documents/scada-react/src/components/measurementInfo)
2024-05-06 15:13:54.091 [pool-3-thread-1] INFO  com.rs.mv.mvvs.client.catalog.from.scan.CurrentPathScanner - [client:400205]scan file in current open file directory(C:/Users/JZ4874/Documents/scada-react/src/components/measurementInfo)
2024-05-06 15:13:57.109 [pool-3-thread-1] INFO  com.rs.mv.mvvs.client.catalog.from.scan.CurrentPathScanner - [client:400205]scan file in current open file directory(C:/Users/JZ4874/Documents/scada-react/src/components/measurementInfo)
2024-05-06 15:14:04.528 [pool-3-thread-1] INFO  com.rs.mv.mvvs.client.catalog.from.scan.CurrentPathScanner - [client:400205]scan file in current open file directory(C:/Users/JZ4874/Documents/scada-react/src/components/measurementInfo)
2024-05-06 15:34:28.792 [pool-3-thread-1] INFO  com.rs.mv.mvvs.client.catalog.from.scan.CurrentPathScanner - [client:400205]scan file in current open file directory(C:/Users/JZ4874/Documents/scada-react/src/components/measurementInfo)
2024-05-06 15:34:40.562 [pool-3-thread-1] INFO  com.rs.mv.mvvs.client.catalog.from.scan.CurrentPathScanner - [client:400205]scan file in current open file directory(C:/Users/JZ4874/Documents/scada-react/src/components/measurementInfo)
2024-05-06 15:34:54.043 [pool-3-thread-1] INFO  com.rs.mv.mvvs.client.catalog.from.scan.CurrentPathScanner - [client:400205]scan file in current open file directory(C:/Users/JZ4874/Documents/scada-react/src/components/measurementInfo)
2024-05-06 15:34:59.985 [pool-3-thread-1] INFO  com.rs.mv.mvvs.client.catalog.from.scan.CurrentPathScanner - [client:400205]scan file in current open file directory(C:/Users/JZ4874/Documents/scada-react/src/components/measurementInfo)
2024-05-06 15:35:10.578 [pool-3-thread-1] INFO  com.rs.mv.mvvs.client.catalog.from.scan.CurrentPathScanner - [client:400205]scan file in current open file directory(C:/Users/JZ4874/Documents/scada-react/src/components/measurementInfo)
2024-05-06 15:35:18.487 [pool-3-thread-1] INFO  com.rs.mv.mvvs.client.catalog.from.scan.CurrentPathScanner - [client:400205]scan file in current open file directory(C:/Users/JZ4874/Documents/scada-react/src/components/measurementInfo)
2024-05-06 15:35:37.528 [pool-3-thread-1] INFO  com.rs.mv.mvvs.client.catalog.from.scan.CurrentPathScanner - [client:400205]scan file in current open file directory(C:/Users/JZ4874/Documents/scada-react/src/components/measurementInfo)
2024-05-06 15:35:47.293 [pool-3-thread-1] INFO  com.rs.mv.mvvs.client.catalog.from.scan.CurrentPathScanner - [client:400205]scan file in current open file directory(C:/Users/JZ4874/Documents/scada-react/src/components/measurementInfo)
2024-05-06 15:35:48.669 [pool-3-thread-1] INFO  com.rs.mv.mvvs.client.catalog.from.scan.CurrentPathScanner - [client:400205]scan file in current open file directory(C:/Users/JZ4874/Documents/scada-react/src/components/measurementInfo)
2024-05-06 15:35:57.164 [pool-3-thread-1] INFO  com.rs.mv.mvvs.client.catalog.from.scan.CurrentPathScanner - [client:400205]scan file in current open file directory(C:/Users/JZ4874/Documents/scada-react/src/components/measurementInfo)
2024-05-06 15:35:59.378 [pool-3-thread-1] INFO  com.rs.mv.mvvs.client.catalog.from.scan.CurrentPathScanner - [client:400205]scan file in current open file directory(C:/Users/JZ4874/Documents/scada-react/src/components/measurementInfo)
2024-05-06 15:36:29.955 [pool-3-thread-1] INFO  com.rs.mv.mvvs.client.catalog.from.scan.CurrentPathScanner - [client:400205]scan file in current open file directory(C:/Users/JZ4874/Documents/scada-react/src/components/measurementInfo)
2024-05-06 15:37:01.305 [pool-3-thread-1] INFO  com.rs.mv.mvvs.client.catalog.from.scan.CurrentPathScanner - [client:400205]scan file in current open file directory(C:/Users/JZ4874/Documents/scada-react/src/components/measurementInfo)
2024-05-06 15:46:23.805 [pool-3-thread-1] INFO  com.rs.mv.mvvs.client.catalog.from.scan.CurrentPathScanner - [client:400205]scan file in current open file directory(C:/Users/JZ4874/Documents/scada-react/src/components/measurementInfo)
2024-05-06 15:46:32.796 [pool-3-thread-1] INFO  com.rs.mv.mvvs.client.catalog.from.scan.CurrentPathScanner - [client:400205]scan file in current open file directory(C:/Users/JZ4874/Documents/scada-react/src/components/measurementInfo)
2024-05-06 15:46:44.616 [pool-3-thread-1] INFO  com.rs.mv.mvvs.client.catalog.from.scan.CurrentPathScanner - [client:400205]scan file in current open file directory(C:/Users/JZ4874/Documents/scada-react/src/components/measurementInfo)
2024-05-06 15:48:11.526 [pool-3-thread-1] INFO  com.rs.mv.mvvs.client.catalog.from.scan.CurrentPathScanner - [client:400205]scan file in current open file directory(C:/Users/JZ4874/Documents/scada-react/src/components/measurementInfo)
2024-05-06 15:48:18.932 [pool-3-thread-1] INFO  com.rs.mv.mvvs.client.catalog.from.scan.CurrentPathScanner - [client:400205]scan file in current open file directory(C:/Users/JZ4874/Documents/scada-react/src/components/measurementInfo)
2024-05-06 15:48:20.753 [pool-3-thread-1] INFO  com.rs.mv.mvvs.client.catalog.from.scan.CurrentPathScanner - [client:400205]scan file in current open file directory(C:/Users/JZ4874/Documents/scada-react/src/components/measurementInfo)
2024-05-06 15:56:09.511 [pool-3-thread-1] INFO  com.rs.mv.mvvs.client.catalog.from.scan.CurrentPathScanner - [client:400205]scan file in current open file directory(C:/Users/JZ4874/Documents/scada-react/src/components/measurementInfo)
2024-05-06 15:58:06.732 [pool-3-thread-1] INFO  com.rs.mv.mvvs.client.catalog.from.scan.CurrentPathScanner - [client:400205]scan file in current open file directory(C:/Users/JZ4874/Documents/scada-react/src/components/measurementInfo)
2024-05-06 16:03:02.436 [pool-3-thread-1] INFO  com.rs.mv.mvvs.client.catalog.from.scan.CurrentPathScanner - [client:400205]scan file in current open file directory(C:/Users/JZ4874/Documents/scada-react/src/components/measurementInfo)
2024-05-06 16:03:49.665 [pool-3-thread-1] INFO  com.rs.mv.mvvs.client.catalog.from.scan.CurrentPathScanner - [client:400205]scan file in current open file directory(C:/Users/JZ4874/Documents/scada-react/src/components/measurementInfo)
2024-05-06 16:34:34.880 [pool-3-thread-1] INFO  com.rs.mv.mvvs.client.catalog.from.scan.CurrentPathScanner - [client:400205]scan file in current open file directory(C:/Users/JZ4874/Documents/scada-react/src/components/measurementInfo)
2024-05-06 16:34:52.961 [pool-3-thread-1] INFO  com.rs.mv.mvvs.client.catalog.from.scan.CurrentPathScanner - [client:400205]scan file in current open file directory(C:/Users/JZ4874/Documents/scada-react/src/components/measurementInfo)
2024-05-06 16:34:54.912 [pool-3-thread-1] INFO  com.rs.mv.mvvs.client.catalog.from.scan.CurrentPathScanner - [client:400205]scan file in current open file directory(C:/Users/JZ4874/Documents/scada-react/src/components/measurement)
2024-05-06 16:34:56.701 [pool-3-thread-1] INFO  com.rs.mv.mvvs.client.catalog.from.scan.CurrentPathScanner - [client:400205]scan file in current open file directory(C:/Users/JZ4874/Documents/scada-react/src/components/measurementInfo)
2024-05-06 16:35:02.870 [pool-3-thread-1] INFO  com.rs.mv.mvvs.client.catalog.from.scan.CurrentPathScanner - [client:400205]scan file in current open file directory(C:/Users/JZ4874/Documents/scada-react/src/components/measurement)
2024-05-06 16:35:05.390 [pool-3-thread-1] INFO  com.rs.mv.mvvs.client.catalog.from.scan.CurrentPathScanner - [client:400205]scan file in current open file directory(C:/Users/JZ4874/Documents/scada-react/src/components/measurementInfo)
2024-05-06 16:39:38.200 [pool-3-thread-1] INFO  com.rs.mv.mvvs.client.catalog.from.scan.CurrentPathScanner - [client:400205]scan file in current open file directory(C:/Users/JZ4874/Documents/scada-react/src/components/measurementInfo)
2024-05-06 16:43:16.115 [pool-3-thread-1] INFO  com.rs.mv.mvvs.client.catalog.from.scan.CurrentPathScanner - [client:400205]scan file in current open file directory(C:/Users/JZ4874/Documents/scada-react/src/components/measurementInfo)
2024-05-06 16:43:19.494 [pool-3-thread-1] INFO  com.rs.mv.mvvs.client.catalog.from.scan.CurrentPathScanner - [client:400205]scan file in current open file directory(C:/Users/JZ4874/Documents/scada-react/src/components/measurement)
2024-05-06 16:43:20.481 [pool-3-thread-1] INFO  com.rs.mv.mvvs.client.catalog.from.scan.CurrentPathScanner - [client:400205]scan file in current open file directory(C:/Users/JZ4874/Documents/scada-react/src/components/measurement)
2024-05-06 16:43:22.307 [pool-3-thread-1] INFO  com.rs.mv.mvvs.client.catalog.from.scan.CurrentPathScanner - [client:400205]scan file in current open file directory(C:/Users/JZ4874/Documents/scada-react/src/components/measurementInfo)
2024-05-06 16:44:09.150 [pool-3-thread-1] INFO  com.rs.mv.mvvs.client.catalog.from.scan.CurrentPathScanner - [client:400205]scan file in current open file directory(C:/Users/JZ4874/Documents/scada-react/src/components/measurementInfo)
2024-05-06 16:44:36.806 [pool-3-thread-1] INFO  com.rs.mv.mvvs.client.catalog.from.scan.CurrentPathScanner - [client:400205]scan file in current open file directory(C:/Users/JZ4874/Documents/scada-react/src/components/measurementInfo)
2024-05-06 16:45:03.435 [pool-3-thread-1] INFO  com.rs.mv.mvvs.client.catalog.from.scan.CurrentPathScanner - [client:400205]scan file in current open file directory(C:/Users/JZ4874/Documents/scada-react/src/components/measurementInfo)
2024-05-06 16:47:08.469 [pool-3-thread-1] INFO  com.rs.mv.mvvs.client.catalog.from.scan.CurrentPathScanner - [client:400205]scan file in current open file directory(C:/Users/JZ4874/Documents/scada-react/src/components/measurementInfo)
