2024-05-11 21:01:22.605 [pool-3-thread-1] INFO  com.rs.mv.mvvs.client.catalog.from.scan.CurrentPathScanner - [client:400205]scan file in current open file directory(C:/Users/JZ4874/Documents/scada-react/src/views/Boiler)
2024-05-11 21:01:35.353 [pool-3-thread-1] INFO  com.rs.mv.mvvs.client.catalog.from.scan.CurrentPathScanner - [client:400205]scan file in current open file directory(C:/Users/JZ4874/Documents/scada-react/src)
2024-05-11 21:02:01.738 [pool-3-thread-1] INFO  com.rs.mv.mvvs.client.catalog.from.scan.CurrentPathScanner - [client:400205]scan file in current open file directory(C:/Users/JZ4874/Documents/scada-react/src/views/Condenser)
2024-05-11 21:02:07.669 [pool-3-thread-1] INFO  com.rs.mv.mvvs.client.catalog.from.scan.CurrentPathScanner - [client:400205]scan file in current open file directory(C:/Users/JZ4874/Documents/scada-react/src)
2024-05-11 21:02:08.636 [pool-3-thread-1] INFO  com.rs.mv.mvvs.client.catalog.from.scan.CurrentPathScanner - [client:400205]scan file in current open file directory(C:/Users/JZ4874/Documents/scada-react/src/views/Boiler)
2024-05-11 21:02:11.427 [pool-3-thread-1] INFO  com.rs.mv.mvvs.client.catalog.from.scan.CurrentPathScanner - [client:400205]scan file in current open file directory(C:/Users/JZ4874/Documents/scada-react/src/components/navBar)
2024-05-11 21:02:16.574 [pool-3-thread-1] INFO  com.rs.mv.mvvs.client.catalog.from.scan.CurrentPathScanner - [client:400205]scan file in current open file directory(C:/Users/JZ4874/Documents/scada-react/src/views/Boiler)
2024-05-11 21:02:21.831 [pool-3-thread-1] INFO  com.rs.mv.mvvs.client.catalog.from.scan.CurrentPathScanner - [client:400205]scan file in current open file directory(C:/Users/JZ4874/Documents/scada-react/src/views/Condenser)
2024-05-11 21:02:22.809 [pool-3-thread-1] INFO  com.rs.mv.mvvs.client.catalog.from.scan.CurrentPathScanner - [client:400205]scan file in current open file directory(C:/Users/JZ4874/Documents/scada-react/src/views/Boiler)
2024-05-11 21:02:28.348 [pool-3-thread-1] INFO  com.rs.mv.mvvs.client.catalog.from.scan.CurrentPathScanner - [client:400205]scan file in current open file directory(C:/Users/JZ4874/Documents/scada-react/src/views/Condenser)
2024-05-11 21:05:38.049 [pool-3-thread-1] INFO  com.rs.mv.mvvs.client.catalog.from.scan.CurrentPathScanner - [client:400205]scan file in current open file directory(C:/Users/JZ4874/Documents/scada-react/src/views/Condenser)
2024-05-11 21:05:39.427 [pool-3-thread-1] INFO  com.rs.mv.mvvs.client.catalog.from.scan.CurrentPathScanner - [client:400205]scan file in current open file directory(C:/Users/JZ4874/Documents/scada-react/src/views/Condenser)
2024-05-11 21:05:41.841 [pool-3-thread-1] INFO  com.rs.mv.mvvs.client.catalog.from.scan.CurrentPathScanner - [client:400205]scan file in current open file directory(C:/Users/JZ4874/Documents/scada-react/src/views/Boiler)
2024-05-11 21:05:44.978 [pool-3-thread-1] INFO  com.rs.mv.mvvs.client.catalog.from.scan.CurrentPathScanner - [client:400205]scan file in current open file directory(C:/Users/JZ4874/Documents/scada-react/src/views/Condenser)
2024-05-11 21:05:47.270 [pool-3-thread-1] INFO  com.rs.mv.mvvs.client.catalog.from.scan.CurrentPathScanner - [client:400205]scan file in current open file directory(C:/Users/JZ4874/Documents/scada-react/src/views/Condenser)
2024-05-11 21:05:50.277 [pool-3-thread-1] INFO  com.rs.mv.mvvs.client.catalog.from.scan.CurrentPathScanner - [client:400205]scan file in current open file directory(C:/Users/JZ4874/Documents/scada-react/src/views/Condenser)
2024-05-11 21:06:09.685 [pool-3-thread-1] INFO  com.rs.mv.mvvs.client.catalog.from.scan.CurrentPathScanner - [client:400205]scan file in current open file directory(C:/Users/JZ4874/Documents/scada-react/src/views/Condenser)
2024-05-11 21:06:33.689 [pool-3-thread-1] INFO  com.rs.mv.mvvs.client.catalog.from.scan.CurrentPathScanner - [client:400205]scan file in current open file directory(C:/Users/JZ4874/Documents/scada-react/src)
2024-05-11 21:06:35.231 [pool-3-thread-1] INFO  com.rs.mv.mvvs.client.catalog.from.scan.CurrentPathScanner - [client:400205]scan file in current open file directory(C:/Users/JZ4874/Documents/scada-react/src)
2024-05-11 21:12:05.801 [pool-3-thread-1] INFO  com.rs.mv.mvvs.client.catalog.from.scan.CurrentPathScanner - [client:400205]scan file in current open file directory(C:/Users/JZ4874/Documents/scada-react/src/views/Condenser)
2024-05-11 21:12:07.110 [pool-3-thread-1] INFO  com.rs.mv.mvvs.client.catalog.from.scan.CurrentPathScanner - [client:400205]scan file in current open file directory(C:/Users/JZ4874/Documents/scada-react/src/views/Condenser)
2024-05-11 21:16:27.188 [pool-3-thread-1] INFO  com.rs.mv.mvvs.client.catalog.from.scan.CurrentPathScanner - [client:400205]scan file in current open file directory(C:/Users/JZ4874/Documents/scada-react/src/views/DistillationTower)
2024-05-11 21:22:52.632 [pool-3-thread-1] INFO  com.rs.mv.mvvs.client.catalog.from.scan.CurrentPathScanner - [client:400205]scan file in current open file directory(C:/Users/JZ4874/Documents/scada-react/src/views/DistillationTower)
2024-05-11 21:22:55.290 [pool-3-thread-1] INFO  com.rs.mv.mvvs.client.catalog.from.scan.CurrentPathScanner - [client:400205]scan file in current open file directory(C:/Users/JZ4874/Documents/scada-react/src/views/Boiler)
2024-05-11 21:22:57.566 [pool-3-thread-1] INFO  com.rs.mv.mvvs.client.catalog.from.scan.CurrentPathScanner - [client:400205]scan file in current open file directory(C:/Users/JZ4874/Documents/scada-react/src/views/DistillationTower)
2024-05-11 21:23:17.553 [pool-3-thread-1] INFO  com.rs.mv.mvvs.client.catalog.from.scan.CurrentPathScanner - [client:400205]scan file in current open file directory(C:/Users/JZ4874/Documents/scada-react/src/views/DistillationTower)
2024-05-11 21:23:22.615 [pool-3-thread-1] INFO  com.rs.mv.mvvs.client.catalog.from.scan.CurrentPathScanner - [client:400205]scan file in current open file directory(C:/Users/JZ4874/Documents/scada-react/src/views/DistillationTower)
2024-05-11 21:23:24.151 [pool-3-thread-1] INFO  com.rs.mv.mvvs.client.catalog.from.scan.CurrentPathScanner - [client:400205]scan file in current open file directory(C:/Users/JZ4874/Documents/scada-react/src/views/DistillationTower)
2024-05-11 21:23:30.263 [pool-3-thread-1] INFO  com.rs.mv.mvvs.client.catalog.from.scan.CurrentPathScanner - [client:400205]scan file in current open file directory(C:/Users/JZ4874/Documents/scada-react/src)
2024-05-11 21:24:18.814 [pool-3-thread-1] INFO  com.rs.mv.mvvs.client.catalog.from.scan.CurrentPathScanner - [client:400205]scan file in current open file directory(C:/Users/JZ4874/Documents/scada-react/src/views/DistillationTower)
2024-05-11 21:28:17.069 [pool-3-thread-1] INFO  com.rs.mv.mvvs.client.catalog.from.scan.CurrentPathScanner - [client:400205]scan file in current open file directory(C:/Users/JZ4874/Documents/scada-react/src/views/Storage)
2024-05-11 21:37:15.026 [pool-3-thread-1] INFO  com.rs.mv.mvvs.client.catalog.from.scan.CurrentPathScanner - [client:400205]scan file in current open file directory(C:/Users/JZ4874/Documents/scada-react/src/views/Boiler)
2024-05-11 21:37:22.989 [pool-3-thread-1] INFO  com.rs.mv.mvvs.client.catalog.from.scan.CurrentPathScanner - [client:400205]scan file in current open file directory(C:/Users/JZ4874/Documents/scada-react/src/views/Storage)
2024-05-11 21:37:40.992 [pool-3-thread-1] INFO  com.rs.mv.mvvs.client.catalog.from.scan.CurrentPathScanner - [client:400205]scan file in current open file directory(C:/Users/JZ4874/Documents/scada-react/src/views/Storage)
2024-05-11 21:37:44.871 [pool-3-thread-1] INFO  com.rs.mv.mvvs.client.catalog.from.scan.CurrentPathScanner - [client:400205]scan file in current open file directory(C:/Users/JZ4874/Documents/scada-react/src/views/Storage)
2024-05-11 21:38:05.267 [pool-3-thread-1] INFO  com.rs.mv.mvvs.client.catalog.from.scan.CurrentPathScanner - [client:400205]scan file in current open file directory(C:/Users/JZ4874/Documents/scada-react/src)
2024-05-11 21:38:06.253 [pool-3-thread-1] INFO  com.rs.mv.mvvs.client.catalog.from.scan.CurrentPathScanner - [client:400205]scan file in current open file directory(C:/Users/JZ4874/Documents/scada-react/src)
2024-05-11 21:39:18.199 [pool-3-thread-1] INFO  com.rs.mv.mvvs.client.catalog.from.scan.CurrentPathScanner - [client:400205]scan file in current open file directory(C:/Users/JZ4874/Documents/scada-react/src/views/Storage)
2024-05-11 22:09:48.513 [pool-3-thread-1] INFO  com.rs.mv.mvvs.client.catalog.from.scan.CurrentPathScanner - [client:400205]scan file in current open file directory(C:/Users/JZ4874/Documents/scada-react/src)
2024-05-11 22:10:24.010 [pool-3-thread-1] INFO  com.rs.mv.mvvs.client.catalog.from.scan.CurrentPathScanner - [client:400205]scan file in current open file directory(C:/Users/JZ4874/Documents/scada-react/src/views/Storage)
2024-05-11 22:10:27.927 [pool-3-thread-1] INFO  com.rs.mv.mvvs.client.catalog.from.scan.CurrentPathScanner - [client:400205]scan file in current open file directory(C:/Users/JZ4874/Documents/scada-react/src/components/measurement)
2024-05-11 22:11:05.732 [pool-3-thread-1] INFO  com.rs.mv.mvvs.client.catalog.from.scan.CurrentPathScanner - [client:400205]scan file in current open file directory(C:/Users/JZ4874/Documents/scada-react/src/views/Storage)
2024-05-11 22:11:10.190 [pool-3-thread-1] INFO  com.rs.mv.mvvs.client.catalog.from.scan.CurrentPathScanner - [client:400205]scan file in current open file directory(C:/Users/JZ4874/Documents/scada-react/src/components/measurement)
2024-05-11 22:11:44.987 [pool-3-thread-1] INFO  com.rs.mv.mvvs.client.catalog.from.scan.CurrentPathScanner - [client:400205]scan file in current open file directory(C:/Users/JZ4874/Documents/scada-react/src/components/measurementInfo)
2024-05-11 22:12:48.534 [pool-3-thread-1] INFO  com.rs.mv.mvvs.client.catalog.from.scan.CurrentPathScanner - [client:400205]scan file in current open file directory(C:/Users/JZ4874/Documents/scada-react/src)
