2024-05-19 09:30:04.485 [pool-3-thread-1] INFO  com.rs.mv.mvvs.client.catalog.from.scan.CurrentPathScanner - [client:400205]scan file in current open file directory(C:/Users/JZ4874/Documents/scada-server)
2024-05-19 09:34:33.038 [pool-3-thread-1] INFO  com.rs.mv.mvvs.client.catalog.from.scan.CurrentPathScanner - [client:400205]scan file in current open file directory(C:/Users/JZ4874/Documents/scada-react/src/components/sideBar)
2024-05-19 09:37:19.572 [pool-3-thread-1] INFO  com.rs.mv.mvvs.client.catalog.from.scan.CurrentPathScanner - [client:400205]scan file in current open file directory(C:/Users/JZ4874/Documents/scada-react/src)
2024-05-19 09:37:20.700 [pool-3-thread-1] INFO  com.rs.mv.mvvs.client.catalog.from.scan.CurrentPathScanner - [client:400205]scan file in current open file directory(C:/Users/JZ4874/Documents/scada-react/src)
2024-05-19 09:37:23.641 [pool-3-thread-1] INFO  com.rs.mv.mvvs.client.catalog.from.scan.CurrentPathScanner - [client:400205]scan file in current open file directory(C:/Users/JZ4874/Documents/scada-react/src/components/sideBar)
2024-05-19 09:37:30.458 [pool-3-thread-1] INFO  com.rs.mv.mvvs.client.catalog.from.scan.CurrentPathScanner - [client:400205]scan file in current open file directory(C:/Users/JZ4874/Documents/scada-react/src/components/sideBar)
2024-05-19 09:38:08.126 [pool-3-thread-1] INFO  com.rs.mv.mvvs.client.catalog.from.scan.CurrentPathScanner - [client:400205]scan file in current open file directory(C:/Users/JZ4874/Documents/scada-react/src)
2024-05-19 09:38:10.845 [pool-3-thread-1] INFO  com.rs.mv.mvvs.client.catalog.from.scan.CurrentPathScanner - [client:400205]scan file in current open file directory(C:/Users/JZ4874/Documents/scada-react/src/components/sideBar)
2024-05-19 09:38:15.217 [pool-3-thread-1] INFO  com.rs.mv.mvvs.client.catalog.from.scan.CurrentPathScanner - [client:400205]scan file in current open file directory(C:/Users/JZ4874/Documents/scada-react/src/views/Layout)
2024-05-19 09:38:26.963 [pool-3-thread-1] INFO  com.rs.mv.mvvs.client.catalog.from.scan.CurrentPathScanner - [client:400205]scan file in current open file directory(C:/Users/JZ4874/Documents/scada-react/src/components/sideBar)
2024-05-19 09:38:29.540 [pool-3-thread-1] INFO  com.rs.mv.mvvs.client.catalog.from.scan.CurrentPathScanner - [client:400205]scan file in current open file directory(C:/Users/JZ4874/Documents/scada-react/src/views/Layout)
2024-05-19 09:38:45.458 [pool-3-thread-1] INFO  com.rs.mv.mvvs.client.catalog.from.scan.CurrentPathScanner - [client:400205]scan file in current open file directory(C:/Users/JZ4874/Documents/scada-react/src/components/sideBar)
2024-05-19 09:38:55.188 [pool-3-thread-1] INFO  com.rs.mv.mvvs.client.catalog.from.scan.CurrentPathScanner - [client:400205]scan file in current open file directory(C:/Users/JZ4874/Documents/scada-react/src/views/Layout)
2024-05-19 09:39:01.388 [pool-3-thread-1] INFO  com.rs.mv.mvvs.client.catalog.from.scan.CurrentPathScanner - [client:400205]scan file in current open file directory(C:/Users/JZ4874/Documents/scada-react/src/components/sideBar)
2024-05-19 09:39:07.202 [pool-3-thread-1] INFO  com.rs.mv.mvvs.client.catalog.from.scan.CurrentPathScanner - [client:400205]scan file in current open file directory(C:/Users/JZ4874/Documents/scada-react/src/views/Layout)
2024-05-19 09:39:11.868 [pool-3-thread-1] INFO  com.rs.mv.mvvs.client.catalog.from.scan.CurrentPathScanner - [client:400205]scan file in current open file directory(C:/Users/JZ4874/Documents/scada-react/src/components/sideBar)
2024-05-19 09:39:13.991 [pool-3-thread-1] INFO  com.rs.mv.mvvs.client.catalog.from.scan.CurrentPathScanner - [client:400205]scan file in current open file directory(C:/Users/JZ4874/Documents/scada-react/src/views/Layout)
2024-05-19 09:39:38.800 [pool-3-thread-1] INFO  com.rs.mv.mvvs.client.catalog.from.scan.CurrentPathScanner - [client:400205]scan file in current open file directory(C:/Users/JZ4874/Documents/scada-react/src/components/sideBar)
2024-05-19 09:39:55.000 [pool-3-thread-1] INFO  com.rs.mv.mvvs.client.catalog.from.scan.CurrentPathScanner - [client:400205]scan file in current open file directory(C:/Users/JZ4874/Documents/scada-react/src/views/Layout)
2024-05-19 09:40:07.332 [pool-3-thread-1] INFO  com.rs.mv.mvvs.client.catalog.from.scan.CurrentPathScanner - [client:400205]scan file in current open file directory(C:/Users/JZ4874/Documents/scada-react/src/components/sideBar)
2024-05-19 09:40:52.620 [pool-3-thread-1] INFO  com.rs.mv.mvvs.client.catalog.from.scan.CurrentPathScanner - [client:400205]scan file in current open file directory(C:/Users/JZ4874/Documents/scada-react/src/views/Boiler)
2024-05-19 09:40:54.170 [pool-3-thread-1] INFO  com.rs.mv.mvvs.client.catalog.from.scan.CurrentPathScanner - [client:400205]scan file in current open file directory(C:/Users/JZ4874/Documents/scada-react/src/components/sideBar)
2024-05-19 09:40:56.168 [pool-3-thread-1] INFO  com.rs.mv.mvvs.client.catalog.from.scan.CurrentPathScanner - [client:400205]scan file in current open file directory(C:/Users/JZ4874/Documents/scada-react/src/views/Boiler)
2024-05-19 09:42:09.726 [pool-3-thread-1] INFO  com.rs.mv.mvvs.client.catalog.from.scan.CurrentPathScanner - [client:400205]scan file in current open file directory(C:/Users/JZ4874/Documents/scada-react/src/views/Condenser)
2024-05-19 09:42:14.438 [pool-3-thread-1] INFO  com.rs.mv.mvvs.client.catalog.from.scan.CurrentPathScanner - [client:400205]scan file in current open file directory(C:/Users/JZ4874/Documents/scada-react/src/views/DistillationTower)
2024-05-19 09:42:19.538 [pool-3-thread-1] INFO  com.rs.mv.mvvs.client.catalog.from.scan.CurrentPathScanner - [client:400205]scan file in current open file directory(C:/Users/JZ4874/Documents/scada-react/src/views/Storage)
2024-05-19 09:42:24.103 [pool-3-thread-1] INFO  com.rs.mv.mvvs.client.catalog.from.scan.CurrentPathScanner - [client:400205]scan file in current open file directory(C:/Users/JZ4874/Documents/scada-react/src/views/Boiler)
2024-05-19 09:42:28.700 [pool-3-thread-1] INFO  com.rs.mv.mvvs.client.catalog.from.scan.CurrentPathScanner - [client:400205]scan file in current open file directory(C:/Users/JZ4874/Documents/scada-react/src/views/Condenser)
2024-05-19 09:42:31.825 [pool-3-thread-1] INFO  com.rs.mv.mvvs.client.catalog.from.scan.CurrentPathScanner - [client:400205]scan file in current open file directory(C:/Users/JZ4874/Documents/scada-react/src/views/DistillationTower)
2024-05-19 09:42:36.258 [pool-3-thread-1] INFO  com.rs.mv.mvvs.client.catalog.from.scan.CurrentPathScanner - [client:400205]scan file in current open file directory(C:/Users/JZ4874/Documents/scada-react/src/views/Storage)
2024-05-19 09:43:11.833 [pool-3-thread-1] INFO  com.rs.mv.mvvs.client.catalog.from.scan.CurrentPathScanner - [client:400205]scan file in current open file directory(C:/Users/JZ4874/Documents/scada-react/src/views/Condenser)
2024-05-19 09:43:13.234 [pool-3-thread-1] INFO  com.rs.mv.mvvs.client.catalog.from.scan.CurrentPathScanner - [client:400205]scan file in current open file directory(C:/Users/JZ4874/Documents/scada-react/src/views/Boiler)
2024-05-19 09:43:36.157 [pool-3-thread-1] INFO  com.rs.mv.mvvs.client.catalog.from.scan.CurrentPathScanner - [client:400205]scan file in current open file directory(C:/Users/JZ4874/Documents/scada-react/src/components/sideBar)
2024-05-19 09:44:00.398 [pool-3-thread-1] INFO  com.rs.mv.mvvs.client.catalog.from.scan.CurrentPathScanner - [client:400205]scan file in current open file directory(C:/Users/JZ4874/Documents/scada-react/src/views/Boiler)
2024-05-19 09:44:12.124 [pool-3-thread-1] INFO  com.rs.mv.mvvs.client.catalog.from.scan.CurrentPathScanner - [client:400205]scan file in current open file directory(C:/Users/JZ4874/Documents/scada-react/src/views/Condenser)
2024-05-19 09:44:19.778 [pool-3-thread-1] INFO  com.rs.mv.mvvs.client.catalog.from.scan.CurrentPathScanner - [client:400205]scan file in current open file directory(C:/Users/JZ4874/Documents/scada-react/src/views/DistillationTower)
2024-05-19 09:44:23.972 [pool-3-thread-1] INFO  com.rs.mv.mvvs.client.catalog.from.scan.CurrentPathScanner - [client:400205]scan file in current open file directory(C:/Users/JZ4874/Documents/scada-react/src/views/Storage)
2024-05-19 09:44:35.353 [pool-3-thread-1] INFO  com.rs.mv.mvvs.client.catalog.from.scan.CurrentPathScanner - [client:400205]scan file in current open file directory(C:/Users/JZ4874/Documents/scada-react/src/components/sideBar)
2024-05-19 09:44:43.509 [pool-3-thread-1] INFO  com.rs.mv.mvvs.client.catalog.from.scan.CurrentPathScanner - [client:400205]scan file in current open file directory(C:/Users/JZ4874/Documents/scada-react/src/views/Boiler)
2024-05-19 09:44:45.383 [pool-3-thread-1] INFO  com.rs.mv.mvvs.client.catalog.from.scan.CurrentPathScanner - [client:400205]scan file in current open file directory(C:/Users/JZ4874/Documents/scada-react/src/components/sideBar)
2024-05-19 09:44:50.154 [pool-3-thread-1] INFO  com.rs.mv.mvvs.client.catalog.from.scan.CurrentPathScanner - [client:400205]scan file in current open file directory(C:/Users/JZ4874/Documents/scada-react/src/views/Boiler)
2024-05-19 09:44:55.337 [pool-3-thread-1] INFO  com.rs.mv.mvvs.client.catalog.from.scan.CurrentPathScanner - [client:400205]scan file in current open file directory(C:/Users/JZ4874/Documents/scada-react/src/views/Condenser)
2024-05-19 09:44:58.836 [pool-3-thread-1] INFO  com.rs.mv.mvvs.client.catalog.from.scan.CurrentPathScanner - [client:400205]scan file in current open file directory(C:/Users/JZ4874/Documents/scada-react/src/views/DistillationTower)
2024-05-19 09:45:01.355 [pool-3-thread-1] INFO  com.rs.mv.mvvs.client.catalog.from.scan.CurrentPathScanner - [client:400205]scan file in current open file directory(C:/Users/JZ4874/Documents/scada-react/src/views/Storage)
2024-05-19 09:45:03.836 [pool-3-thread-1] INFO  com.rs.mv.mvvs.client.catalog.from.scan.CurrentPathScanner - [client:400205]scan file in current open file directory(C:/Users/JZ4874/Documents/scada-react/src/views/DistillationTower)
2024-05-19 09:45:06.840 [pool-3-thread-1] INFO  com.rs.mv.mvvs.client.catalog.from.scan.CurrentPathScanner - [client:400205]scan file in current open file directory(C:/Users/JZ4874/Documents/scada-react/src/views/Condenser)
2024-05-19 09:45:06.848 [pool-3-thread-1] INFO  com.rs.mv.mvvs.client.catalog.from.scan.CurrentPathScanner - [client:400205]scan file in current open file directory(C:/Users/JZ4874/Documents/scada-react/src/views/Boiler)
2024-05-19 09:48:57.847 [pool-3-thread-1] INFO  com.rs.mv.mvvs.client.catalog.from.scan.CurrentPathScanner - [client:400205]scan file in current open file directory(C:/Users/JZ4874/Documents/scada-react/src/views/Boiler)
2024-05-19 09:50:40.829 [pool-3-thread-1] INFO  com.rs.mv.mvvs.client.catalog.from.scan.CurrentPathScanner - [client:400205]scan file in current open file directory(C:/Users/JZ4874/Documents/scada-react/src/views/Condenser)
2024-05-19 09:50:55.903 [pool-3-thread-1] INFO  com.rs.mv.mvvs.client.catalog.from.scan.CurrentPathScanner - [client:400205]scan file in current open file directory(C:/Users/JZ4874/Documents/scada-react/src/views/DistillationTower)
2024-05-19 09:50:57.637 [pool-3-thread-1] INFO  com.rs.mv.mvvs.client.catalog.from.scan.CurrentPathScanner - [client:400205]scan file in current open file directory(C:/Users/JZ4874/Documents/scada-react/src/views/Storage)
2024-05-19 09:52:04.911 [pool-3-thread-1] INFO  com.rs.mv.mvvs.client.catalog.from.scan.CurrentPathScanner - [client:400205]scan file in current open file directory(C:/Users/JZ4874/Documents/scada-react/src/components/measurement)
2024-05-19 09:56:59.440 [pool-3-thread-1] INFO  com.rs.mv.mvvs.client.catalog.from.scan.CurrentPathScanner - [client:400205]scan file in current open file directory(C:/Users/JZ4874/Documents/scada-react/src/views/Storage)
2024-05-19 09:57:00.486 [pool-3-thread-1] INFO  com.rs.mv.mvvs.client.catalog.from.scan.CurrentPathScanner - [client:400205]scan file in current open file directory(C:/Users/JZ4874/Documents/scada-react/src/views/DistillationTower)
2024-05-19 09:57:14.434 [pool-3-thread-1] INFO  com.rs.mv.mvvs.client.catalog.from.scan.CurrentPathScanner - [client:400205]scan file in current open file directory(C:/Users/JZ4874/Documents/scada-react/src/views/Storage)
2024-05-19 10:14:26.494 [pool-3-thread-1] INFO  com.rs.mv.mvvs.client.catalog.from.scan.CurrentPathScanner - [client:400205]scan file in current open file directory(C:/Users/JZ4874/Documents/scada-react/src/views/DistillationTower)
2024-05-19 10:14:30.078 [pool-3-thread-1] INFO  com.rs.mv.mvvs.client.catalog.from.scan.CurrentPathScanner - [client:400205]scan file in current open file directory(C:/Users/JZ4874/Documents/scada-react/src/views/Condenser)
2024-05-19 10:14:33.871 [pool-3-thread-1] INFO  com.rs.mv.mvvs.client.catalog.from.scan.CurrentPathScanner - [client:400205]scan file in current open file directory(C:/Users/JZ4874/Documents/scada-react/src/views/Boiler)
2024-05-19 10:16:54.231 [pool-3-thread-1] INFO  com.rs.mv.mvvs.client.catalog.from.scan.CurrentPathScanner - [client:400205]scan file in current open file directory(C:/Users/JZ4874/Documents/scada-react/src/components/sideBar)
2024-05-19 10:18:14.239 [pool-3-thread-1] INFO  com.rs.mv.mvvs.client.catalog.from.scan.CurrentPathScanner - [client:400205]scan file in current open file directory(C:/Users/JZ4874/Documents/scada-react/src/views/Storage)
2024-05-19 10:24:04.160 [pool-3-thread-1] INFO  com.rs.mv.mvvs.client.catalog.from.scan.CurrentPathScanner - [client:400205]scan file in current open file directory(C:/Users/JZ4874/Documents/scada-react/src/components/alarm)
2024-05-19 10:24:12.595 [pool-3-thread-1] INFO  com.rs.mv.mvvs.client.catalog.from.scan.CurrentPathScanner - [client:400205]scan file in current open file directory(C:/Users/JZ4874/Documents/scada-react/src/components/alarmsSideBar)
2024-05-19 10:24:15.408 [pool-3-thread-1] INFO  com.rs.mv.mvvs.client.catalog.from.scan.CurrentPathScanner - [client:400205]scan file in current open file directory(C:/Users/JZ4874/Documents/scada-react/src/views/Storage)
2024-05-19 10:24:19.749 [pool-3-thread-1] INFO  com.rs.mv.mvvs.client.catalog.from.scan.CurrentPathScanner - [client:400205]scan file in current open file directory(C:/Users/JZ4874/Documents/scada-react/src/components/alarmsSideBar)
2024-05-19 10:24:52.799 [pool-3-thread-1] INFO  com.rs.mv.mvvs.client.catalog.from.scan.CurrentPathScanner - [client:400205]scan file in current open file directory(C:/Users/JZ4874/Documents/scada-react/src/components/alarmsSideBar)
2024-05-19 10:25:06.858 [pool-3-thread-1] INFO  com.rs.mv.mvvs.client.catalog.from.scan.CurrentPathScanner - [client:400205]scan file in current open file directory(C:/Users/JZ4874/Documents/scada-react/src/components/alarmsSideBar)
2024-05-19 10:38:46.556 [pool-3-thread-1] INFO  com.rs.mv.mvvs.client.catalog.from.scan.CurrentPathScanner - [client:400205]scan file in current open file directory(C:/Users/JZ4874/Documents/scada-react/src/components/alarmsSideBar)
2024-05-19 10:38:53.340 [pool-3-thread-1] INFO  com.rs.mv.mvvs.client.catalog.from.scan.CurrentPathScanner - [client:400205]scan file in current open file directory(C:/Users/JZ4874/Documents/scada-react/src/components/alarmsSideBar)
2024-05-19 10:38:54.353 [pool-3-thread-1] INFO  com.rs.mv.mvvs.client.catalog.from.scan.CurrentPathScanner - [client:400205]scan file in current open file directory(C:/Users/JZ4874/Documents/scada-react/src/components/alarmsSideBar)
2024-05-19 10:40:35.503 [pool-3-thread-1] INFO  com.rs.mv.mvvs.client.catalog.from.scan.CurrentPathScanner - [client:400205]scan file in current open file directory(C:/Users/JZ4874/Documents/scada-react/src/components/alarmsSideBar)
2024-05-19 10:40:48.735 [pool-3-thread-1] INFO  com.rs.mv.mvvs.client.catalog.from.scan.CurrentPathScanner - [client:400205]scan file in current open file directory(C:/Users/JZ4874/Documents/scada-react/src/components/alarmsSideBar)
2024-05-19 10:40:50.273 [pool-3-thread-1] INFO  com.rs.mv.mvvs.client.catalog.from.scan.CurrentPathScanner - [client:400205]scan file in current open file directory(C:/Users/JZ4874/Documents/scada-react/src/components/alarmsSideBar)
2024-05-19 10:41:42.033 [pool-3-thread-1] INFO  com.rs.mv.mvvs.client.catalog.from.scan.CurrentPathScanner - [client:400205]scan file in current open file directory(C:/Users/JZ4874/Documents/scada-react/src/components/alarmsSideBar)
2024-05-19 10:42:50.030 [pool-3-thread-1] INFO  com.rs.mv.mvvs.client.catalog.from.scan.CurrentPathScanner - [client:400205]scan file in current open file directory(C:/Users/JZ4874/Documents/scada-react/src/components/sideBar)
2024-05-19 10:42:54.475 [pool-3-thread-1] INFO  com.rs.mv.mvvs.client.catalog.from.scan.CurrentPathScanner - [client:400205]scan file in current open file directory(C:/Users/JZ4874/Documents/scada-react/src/components/sideBar)
2024-05-19 10:43:56.492 [pool-3-thread-1] INFO  com.rs.mv.mvvs.client.catalog.from.scan.CurrentPathScanner - [client:400205]scan file in current open file directory(C:/Users/JZ4874/Documents/scada-react/src)
2024-05-19 10:44:01.827 [pool-3-thread-1] INFO  com.rs.mv.mvvs.client.catalog.from.scan.CurrentPathScanner - [client:400205]scan file in current open file directory(C:/Users/JZ4874/Documents/scada-react/src/views/Layout)
2024-05-19 10:44:04.341 [pool-3-thread-1] INFO  com.rs.mv.mvvs.client.catalog.from.scan.CurrentPathScanner - [client:400205]scan file in current open file directory(C:/Users/JZ4874/Documents/scada-react/src/views/Layout)
2024-05-19 10:44:06.066 [pool-3-thread-1] INFO  com.rs.mv.mvvs.client.catalog.from.scan.CurrentPathScanner - [client:400205]scan file in current open file directory(C:/Users/JZ4874/Documents/scada-react/src/views/Layout)
2024-05-19 10:44:13.389 [pool-3-thread-1] INFO  com.rs.mv.mvvs.client.catalog.from.scan.CurrentPathScanner - [client:400205]scan file in current open file directory(C:/Users/JZ4874/Documents/scada-react/src)
2024-05-19 10:44:29.317 [pool-3-thread-1] INFO  com.rs.mv.mvvs.client.catalog.from.scan.CurrentPathScanner - [client:400205]scan file in current open file directory(C:/Users/JZ4874/Documents/scada-react/src/views/Boiler)
2024-05-19 10:47:24.364 [pool-3-thread-1] INFO  com.rs.mv.mvvs.client.catalog.from.scan.CurrentPathScanner - [client:400205]scan file in current open file directory(C:/Users/JZ4874/Documents/scada-react/src)
2024-05-19 10:47:26.419 [pool-3-thread-1] INFO  com.rs.mv.mvvs.client.catalog.from.scan.CurrentPathScanner - [client:400205]scan file in current open file directory(C:/Users/JZ4874/Documents/scada-react/src)
2024-05-19 10:47:32.356 [pool-3-thread-1] INFO  com.rs.mv.mvvs.client.catalog.from.scan.CurrentPathScanner - [client:400205]scan file in current open file directory(C:/Users/JZ4874/Documents/scada-react/src)
2024-05-19 10:47:36.386 [pool-3-thread-1] INFO  com.rs.mv.mvvs.client.catalog.from.scan.CurrentPathScanner - [client:400205]scan file in current open file directory(C:/Users/JZ4874/Documents/scada-react/src)
2024-05-19 10:47:38.228 [pool-3-thread-1] INFO  com.rs.mv.mvvs.client.catalog.from.scan.CurrentPathScanner - [client:400205]scan file in current open file directory(C:/Users/JZ4874/Documents/scada-react/src)
2024-05-19 10:47:40.366 [pool-3-thread-1] INFO  com.rs.mv.mvvs.client.catalog.from.scan.CurrentPathScanner - [client:400205]scan file in current open file directory(C:/Users/JZ4874/Documents/scada-react/src)
2024-05-19 10:50:30.489 [pool-3-thread-1] INFO  com.rs.mv.mvvs.client.catalog.from.scan.CurrentPathScanner - [client:400205]scan file in current open file directory(C:/Users/JZ4874/Documents/scada-react/src/views/DistillationTower)
2024-05-19 10:50:44.779 [pool-3-thread-1] INFO  com.rs.mv.mvvs.client.catalog.from.scan.CurrentPathScanner - [client:400205]scan file in current open file directory(C:/Users/JZ4874/Documents/scada-react/src/components/alarmsSideBar)
2024-05-19 10:51:21.618 [pool-3-thread-1] INFO  com.rs.mv.mvvs.client.catalog.from.scan.CurrentPathScanner - [client:400205]scan file in current open file directory(C:/Users/JZ4874/Documents/scada-react/src/components/alarm)
2024-05-19 10:52:19.973 [pool-3-thread-1] INFO  com.rs.mv.mvvs.client.catalog.from.scan.CurrentPathScanner - [client:400205]scan file in current open file directory(C:/Users/JZ4874/Documents/scada-react/src/components/alarmsSideBar)
2024-05-19 10:52:24.901 [pool-3-thread-1] INFO  com.rs.mv.mvvs.client.catalog.from.scan.CurrentPathScanner - [client:400205]scan file in current open file directory(C:/Users/JZ4874/Documents/scada-react/src)
2024-05-19 10:57:28.585 [pool-3-thread-1] INFO  com.rs.mv.mvvs.client.catalog.from.scan.CurrentPathScanner - [client:400205]scan file in current open file directory(C:/Users/JZ4874/Documents/scada-react/src/views/Boiler)
2024-05-19 10:57:47.704 [pool-3-thread-1] INFO  com.rs.mv.mvvs.client.catalog.from.scan.CurrentPathScanner - [client:400205]scan file in current open file directory(C:/Users/JZ4874/Documents/scada-react/src/views/Condenser)
2024-05-19 10:58:02.783 [pool-3-thread-1] INFO  com.rs.mv.mvvs.client.catalog.from.scan.CurrentPathScanner - [client:400205]scan file in current open file directory(C:/Users/JZ4874/Documents/scada-react/src/views/DistillationTower)
2024-05-19 10:58:14.694 [pool-3-thread-1] INFO  com.rs.mv.mvvs.client.catalog.from.scan.CurrentPathScanner - [client:400205]scan file in current open file directory(C:/Users/JZ4874/Documents/scada-react/src/views/Storage)
2024-05-19 10:58:28.193 [pool-3-thread-1] INFO  com.rs.mv.mvvs.client.catalog.from.scan.CurrentPathScanner - [client:400205]scan file in current open file directory(C:/Users/JZ4874/Documents/scada-react/src/components/alarmsSideBar)
2024-05-19 10:58:55.258 [pool-3-thread-1] INFO  com.rs.mv.mvvs.client.catalog.from.scan.CurrentPathScanner - [client:400205]scan file in current open file directory(C:/Users/JZ4874/Documents/scada-react/src/views/Layout)
2024-05-19 10:59:00.327 [pool-3-thread-1] INFO  com.rs.mv.mvvs.client.catalog.from.scan.CurrentPathScanner - [client:400205]scan file in current open file directory(C:/Users/JZ4874/Documents/scada-react/src/components/alarm)
2024-05-19 10:59:17.522 [pool-3-thread-1] INFO  com.rs.mv.mvvs.client.catalog.from.scan.CurrentPathScanner - [client:400205]scan file in current open file directory(C:/Users/JZ4874/Documents/scada-react/src/components/alarm)
2024-05-19 11:00:13.651 [pool-3-thread-1] INFO  com.rs.mv.mvvs.client.catalog.from.scan.CurrentPathScanner - [client:400205]scan file in current open file directory(C:/Users/JZ4874/Documents/scada-react/src/components/alarmsSideBar)
2024-05-19 11:00:29.968 [pool-3-thread-1] INFO  com.rs.mv.mvvs.client.catalog.from.scan.CurrentPathScanner - [client:400205]scan file in current open file directory(C:/Users/JZ4874/Documents/scada-react/src/components/alarmsSideBar)
2024-05-19 11:03:48.305 [pool-3-thread-1] INFO  com.rs.mv.mvvs.client.catalog.from.scan.CurrentPathScanner - [client:400205]scan file in current open file directory(C:/Users/JZ4874/Documents/scada-react/src/components/alarmsSideBar)
2024-05-19 11:03:50.685 [pool-3-thread-1] INFO  com.rs.mv.mvvs.client.catalog.from.scan.CurrentPathScanner - [client:400205]scan file in current open file directory(C:/Users/JZ4874/Documents/scada-react/src/components/measurement)
2024-05-19 11:03:57.802 [pool-3-thread-1] INFO  com.rs.mv.mvvs.client.catalog.from.scan.CurrentPathScanner - [client:400205]scan file in current open file directory(C:/Users/JZ4874/Documents/scada-react/src/components/measurement)
2024-05-19 11:04:17.962 [pool-3-thread-1] INFO  com.rs.mv.mvvs.client.catalog.from.scan.CurrentPathScanner - [client:400205]scan file in current open file directory(C:/Users/JZ4874/Documents/scada-react/src/components/measurement)
2024-05-19 11:04:21.296 [pool-3-thread-1] INFO  com.rs.mv.mvvs.client.catalog.from.scan.CurrentPathScanner - [client:400205]scan file in current open file directory(C:/Users/JZ4874/Documents/scada-react/src/components/measurementInfo)
2024-05-19 11:04:43.698 [pool-3-thread-1] INFO  com.rs.mv.mvvs.client.catalog.from.scan.CurrentPathScanner - [client:400205]scan file in current open file directory(C:/Users/JZ4874/Documents/scada-react/src/components/measurementInfo)
2024-05-19 11:05:31.514 [pool-3-thread-1] INFO  com.rs.mv.mvvs.client.catalog.from.scan.CurrentPathScanner - [client:400205]scan file in current open file directory(C:/Users/JZ4874/Documents/scada-react/src/components/navBar)
2024-05-19 11:05:48.847 [pool-3-thread-1] INFO  com.rs.mv.mvvs.client.catalog.from.scan.CurrentPathScanner - [client:400205]scan file in current open file directory(C:/Users/JZ4874/Documents/scada-react/src/components/navBar)
2024-05-19 11:07:23.986 [pool-3-thread-1] INFO  com.rs.mv.mvvs.client.catalog.from.scan.CurrentPathScanner - [client:400205]scan file in current open file directory(C:/Users/JZ4874/Documents/scada-react/src/components/alarmsSideBar)
2024-05-19 11:07:33.617 [pool-3-thread-1] INFO  com.rs.mv.mvvs.client.catalog.from.scan.CurrentPathScanner - [client:400205]scan file in current open file directory(C:/Users/JZ4874/Documents/scada-react/src/components/alarm)
2024-05-19 11:13:16.296 [pool-3-thread-1] INFO  com.rs.mv.mvvs.client.catalog.from.scan.CurrentPathScanner - [client:400205]scan file in current open file directory(C:/Users/JZ4874/Documents/scada-react/src/components/alarmsSideBar)
2024-05-19 11:13:27.498 [pool-3-thread-1] INFO  com.rs.mv.mvvs.client.catalog.from.scan.CurrentPathScanner - [client:400205]scan file in current open file directory(C:/Users/JZ4874/Documents/scada-react/src/components/alarm)
2024-05-19 11:13:29.493 [pool-3-thread-1] INFO  com.rs.mv.mvvs.client.catalog.from.scan.CurrentPathScanner - [client:400205]scan file in current open file directory(C:/Users/JZ4874/Documents/scada-react/src/components/alarmsSideBar)
2024-05-19 11:18:28.299 [pool-3-thread-1] INFO  com.rs.mv.mvvs.client.catalog.from.scan.CurrentPathScanner - [client:400205]scan file in current open file directory(C:/Users/JZ4874/Documents/scada-react/src/views/Alarms)
2024-05-19 11:18:54.657 [pool-3-thread-1] INFO  com.rs.mv.mvvs.client.catalog.from.scan.CurrentPathScanner - [client:400205]scan file in current open file directory(C:/Users/JZ4874/Documents/scada-react/src/components/alarmsSideBar)
2024-05-19 11:19:03.417 [pool-3-thread-1] INFO  com.rs.mv.mvvs.client.catalog.from.scan.CurrentPathScanner - [client:400205]scan file in current open file directory(C:/Users/JZ4874/Documents/scada-react/src/views/Alarms)
2024-05-19 11:24:30.953 [pool-3-thread-1] INFO  com.rs.mv.mvvs.client.catalog.from.scan.CurrentPathScanner - [client:400205]scan file in current open file directory(C:/Users/JZ4874/Documents/scada-react/src/components/alarm)
2024-05-19 11:24:32.916 [pool-3-thread-1] INFO  com.rs.mv.mvvs.client.catalog.from.scan.CurrentPathScanner - [client:400205]scan file in current open file directory(C:/Users/JZ4874/Documents/scada-react/src/views/Alarms)
2024-05-19 11:24:37.411 [pool-3-thread-1] INFO  com.rs.mv.mvvs.client.catalog.from.scan.CurrentPathScanner - [client:400205]scan file in current open file directory(C:/Users/JZ4874/Documents/scada-react/src/components/alarm)
2024-05-19 11:24:45.636 [pool-3-thread-1] INFO  com.rs.mv.mvvs.client.catalog.from.scan.CurrentPathScanner - [client:400205]scan file in current open file directory(C:/Users/JZ4874/Documents/scada-react/src/components/alarmsSideBar)
2024-05-19 11:24:54.141 [pool-3-thread-1] INFO  com.rs.mv.mvvs.client.catalog.from.scan.CurrentPathScanner - [client:400205]scan file in current open file directory(C:/Users/JZ4874/Documents/scada-react/src/components/alarm)
2024-05-19 11:24:57.376 [pool-3-thread-1] INFO  com.rs.mv.mvvs.client.catalog.from.scan.CurrentPathScanner - [client:400205]scan file in current open file directory(C:/Users/JZ4874/Documents/scada-react/src/components/alarmsSideBar)
2024-05-19 11:24:59.812 [pool-3-thread-1] INFO  com.rs.mv.mvvs.client.catalog.from.scan.CurrentPathScanner - [client:400205]scan file in current open file directory(C:/Users/JZ4874/Documents/scada-react/src/components/alarm)
2024-05-19 11:25:05.781 [pool-3-thread-1] INFO  com.rs.mv.mvvs.client.catalog.from.scan.CurrentPathScanner - [client:400205]scan file in current open file directory(C:/Users/JZ4874/Documents/scada-react/src/views/Alarms)
2024-05-19 11:25:08.679 [pool-3-thread-1] INFO  com.rs.mv.mvvs.client.catalog.from.scan.CurrentPathScanner - [client:400205]scan file in current open file directory(C:/Users/JZ4874/Documents/scada-react/src/components/alarmsSideBar)
2024-05-19 11:25:11.919 [pool-3-thread-1] INFO  com.rs.mv.mvvs.client.catalog.from.scan.CurrentPathScanner - [client:400205]scan file in current open file directory(C:/Users/JZ4874/Documents/scada-react/src/components/alarm)
2024-05-19 11:25:18.806 [pool-3-thread-1] INFO  com.rs.mv.mvvs.client.catalog.from.scan.CurrentPathScanner - [client:400205]scan file in current open file directory(C:/Users/JZ4874/Documents/scada-react/src/components/alarmsSideBar)
2024-05-19 11:25:26.272 [pool-3-thread-1] INFO  com.rs.mv.mvvs.client.catalog.from.scan.CurrentPathScanner - [client:400205]scan file in current open file directory(C:/Users/JZ4874/Documents/scada-react/src/views/Alarms)
2024-05-19 11:25:36.130 [pool-3-thread-1] INFO  com.rs.mv.mvvs.client.catalog.from.scan.CurrentPathScanner - [client:400205]scan file in current open file directory(C:/Users/JZ4874/Documents/scada-react/src/components/alarm)
2024-05-19 11:25:43.564 [pool-3-thread-1] INFO  com.rs.mv.mvvs.client.catalog.from.scan.CurrentPathScanner - [client:400205]scan file in current open file directory(C:/Users/JZ4874/Documents/scada-react/src/views/Alarms)
2024-05-19 11:25:45.395 [pool-3-thread-1] INFO  com.rs.mv.mvvs.client.catalog.from.scan.CurrentPathScanner - [client:400205]scan file in current open file directory(C:/Users/JZ4874/Documents/scada-react/src/components/alarm)
2024-05-19 11:33:53.250 [pool-3-thread-1] INFO  com.rs.mv.mvvs.client.catalog.from.scan.CurrentPathScanner - [client:400205]scan file in current open file directory(C:/Users/JZ4874/Documents/scada-react/src/components/navBar)
2024-05-19 11:34:01.124 [pool-3-thread-1] INFO  com.rs.mv.mvvs.client.catalog.from.scan.CurrentPathScanner - [client:400205]scan file in current open file directory(C:/Users/JZ4874/Documents/scada-react/src/views/Boiler)
2024-05-19 11:34:05.802 [pool-3-thread-1] INFO  com.rs.mv.mvvs.client.catalog.from.scan.CurrentPathScanner - [client:400205]scan file in current open file directory(C:/Users/JZ4874/Documents/scada-react/src/views/Boiler)
2024-05-19 11:34:08.687 [pool-3-thread-1] INFO  com.rs.mv.mvvs.client.catalog.from.scan.CurrentPathScanner - [client:400205]scan file in current open file directory(C:/Users/JZ4874/Documents/scada-react/src/views/Boiler)
2024-05-19 11:34:11.750 [pool-3-thread-1] INFO  com.rs.mv.mvvs.client.catalog.from.scan.CurrentPathScanner - [client:400205]scan file in current open file directory(C:/Users/JZ4874/Documents/scada-react/src)
2024-05-19 11:34:13.607 [pool-3-thread-1] INFO  com.rs.mv.mvvs.client.catalog.from.scan.CurrentPathScanner - [client:400205]scan file in current open file directory(C:/Users/JZ4874/Documents/scada-react/src)
2024-05-19 11:44:35.353 [pool-3-thread-1] INFO  com.rs.mv.mvvs.client.catalog.from.scan.CurrentPathScanner - [client:400205]scan file in current open file directory(C:/Users/JZ4874/Documents/scada-react/src/views/Boiler)
2024-05-19 11:45:45.548 [pool-3-thread-1] INFO  com.rs.mv.mvvs.client.catalog.from.scan.CurrentPathScanner - [client:400205]scan file in current open file directory(C:/Users/JZ4874/Documents/scada-react/src/components/navBar)
2024-05-19 11:45:49.173 [pool-3-thread-1] INFO  com.rs.mv.mvvs.client.catalog.from.scan.CurrentPathScanner - [client:400205]scan file in current open file directory(C:/Users/JZ4874/Documents/scada-react/src/components/navBar)
2024-05-19 11:45:53.739 [pool-3-thread-1] INFO  com.rs.mv.mvvs.client.catalog.from.scan.CurrentPathScanner - [client:400205]scan file in current open file directory(C:/Users/JZ4874/Documents/scada-react/src/components/navBar)
2024-05-19 11:45:56.996 [pool-3-thread-1] INFO  com.rs.mv.mvvs.client.catalog.from.scan.CurrentPathScanner - [client:400205]scan file in current open file directory(C:/Users/JZ4874/Documents/scada-react/src/components/navBar)
2024-05-19 11:45:59.028 [pool-3-thread-1] INFO  com.rs.mv.mvvs.client.catalog.from.scan.CurrentPathScanner - [client:400205]scan file in current open file directory(C:/Users/JZ4874/Documents/scada-react/src/components/navBar)
2024-05-19 11:46:01.100 [pool-3-thread-1] INFO  com.rs.mv.mvvs.client.catalog.from.scan.CurrentPathScanner - [client:400205]scan file in current open file directory(C:/Users/JZ4874/Documents/scada-react/src/components/navBar)
2024-05-19 11:50:33.784 [pool-3-thread-1] INFO  com.rs.mv.mvvs.client.catalog.from.scan.CurrentPathScanner - [client:400205]scan file in current open file directory(C:/Users/JZ4874/Documents/scada-react/src/views/Storage)
2024-05-19 11:50:34.845 [pool-3-thread-1] INFO  com.rs.mv.mvvs.client.catalog.from.scan.CurrentPathScanner - [client:400205]scan file in current open file directory(C:/Users/JZ4874/Documents/scada-react/src)
2024-05-19 11:59:24.228 [pool-3-thread-1] INFO  com.rs.mv.mvvs.client.catalog.from.scan.CurrentPathScanner - [client:400205]scan file in current open file directory(C:/Users/JZ4874/Documents/scada-react/src/views/Boiler)
2024-05-19 11:59:45.299 [pool-3-thread-1] INFO  com.rs.mv.mvvs.client.catalog.from.scan.CurrentPathScanner - [client:400205]scan file in current open file directory(C:/Users/JZ4874/Documents/scada-react/src/views/Boiler)
2024-05-19 11:59:47.831 [pool-3-thread-1] INFO  com.rs.mv.mvvs.client.catalog.from.scan.CurrentPathScanner - [client:400205]scan file in current open file directory(C:/Users/JZ4874/Documents/scada-react/src/views/Boiler)
2024-05-19 12:08:17.783 [pool-3-thread-1] INFO  com.rs.mv.mvvs.client.catalog.from.scan.CurrentPathScanner - [client:400205]scan file in current open file directory(C:/Users/JZ4874/Documents/scada-react/src/views/Alarms)
2024-05-19 12:14:23.836 [pool-3-thread-1] INFO  com.rs.mv.mvvs.client.catalog.from.scan.CurrentPathScanner - [client:400205]scan file in current open file directory(C:/Users/JZ4874/Documents/scada-react/src/views/Boiler)
2024-05-19 12:16:10.477 [pool-3-thread-1] INFO  com.rs.mv.mvvs.client.catalog.from.scan.CurrentPathScanner - [client:400205]scan file in current open file directory(C:/Users/JZ4874/Documents/scada-react/src/components/alarmsSideBar)
2024-05-19 12:16:23.309 [pool-3-thread-1] INFO  com.rs.mv.mvvs.client.catalog.from.scan.CurrentPathScanner - [client:400205]scan file in current open file directory(C:/Users/JZ4874/Documents/scada-react/src/components/alarmsSideBar)
2024-05-19 12:27:04.981 [pool-3-thread-1] INFO  com.rs.mv.mvvs.client.catalog.from.scan.CurrentPathScanner - [client:400205]scan file in current open file directory(C:/Users/JZ4874/Documents/scada-react/src/views/Boiler)
2024-05-19 12:27:10.572 [pool-3-thread-1] INFO  com.rs.mv.mvvs.client.catalog.from.scan.CurrentPathScanner - [client:400205]scan file in current open file directory(C:/Users/JZ4874/Documents/scada-react/src/views/Boiler)
2024-05-19 12:27:13.573 [pool-3-thread-1] INFO  com.rs.mv.mvvs.client.catalog.from.scan.CurrentPathScanner - [client:400205]scan file in current open file directory(C:/Users/JZ4874/Documents/scada-react/src/views/Alarms)
2024-05-19 12:27:15.225 [pool-3-thread-1] INFO  com.rs.mv.mvvs.client.catalog.from.scan.CurrentPathScanner - [client:400205]scan file in current open file directory(C:/Users/JZ4874/Documents/scada-react/src/components/alarmsSideBar)
2024-05-19 12:27:16.456 [pool-3-thread-1] INFO  com.rs.mv.mvvs.client.catalog.from.scan.CurrentPathScanner - [client:400205]scan file in current open file directory(C:/Users/JZ4874/Documents/scada-react/src/views/Boiler)
2024-05-19 12:27:21.065 [pool-3-thread-1] INFO  com.rs.mv.mvvs.client.catalog.from.scan.CurrentPathScanner - [client:400205]scan file in current open file directory(C:/Users/JZ4874/Documents/scada-react/src/components/alarmsSideBar)
2024-05-19 12:28:14.293 [pool-3-thread-1] INFO  com.rs.mv.mvvs.client.catalog.from.scan.CurrentPathScanner - [client:400205]scan file in current open file directory(C:/Users/JZ4874/Documents/scada-react/src/components/sideBar)
2024-05-19 12:28:16.495 [pool-3-thread-1] INFO  com.rs.mv.mvvs.client.catalog.from.scan.CurrentPathScanner - [client:400205]scan file in current open file directory(C:/Users/JZ4874/Documents/scada-react/src/components/sideBar)
2024-05-19 12:29:17.386 [pool-3-thread-1] INFO  com.rs.mv.mvvs.client.catalog.from.scan.CurrentPathScanner - [client:400205]scan file in current open file directory(C:/Users/JZ4874/Documents/scada-react/src/views/Boiler)
2024-05-19 12:31:30.818 [pool-3-thread-1] INFO  com.rs.mv.mvvs.client.catalog.from.scan.CurrentPathScanner - [client:400205]scan file in current open file directory(C:/Users/JZ4874/Documents/scada-react/src/components/alarmsSideBar)
2024-05-19 12:31:35.076 [pool-3-thread-1] INFO  com.rs.mv.mvvs.client.catalog.from.scan.CurrentPathScanner - [client:400205]scan file in current open file directory(C:/Users/JZ4874/Documents/scada-react/src/components/alarmsSideBar)
2024-05-19 12:31:38.217 [pool-3-thread-1] INFO  com.rs.mv.mvvs.client.catalog.from.scan.CurrentPathScanner - [client:400205]scan file in current open file directory(C:/Users/JZ4874/Documents/scada-react/src/components/alarmsSideBar)
2024-05-19 12:31:49.035 [pool-3-thread-1] INFO  com.rs.mv.mvvs.client.catalog.from.scan.CurrentPathScanner - [client:400205]scan file in current open file directory(C:/Users/JZ4874/Documents/scada-react/src/components/sideBar)
2024-05-19 12:31:54.218 [pool-3-thread-1] INFO  com.rs.mv.mvvs.client.catalog.from.scan.CurrentPathScanner - [client:400205]scan file in current open file directory(C:/Users/JZ4874/Documents/scada-react/src/components/sideBar)
2024-05-19 12:32:17.014 [pool-3-thread-1] INFO  com.rs.mv.mvvs.client.catalog.from.scan.CurrentPathScanner - [client:400205]scan file in current open file directory(C:/Users/JZ4874/Documents/scada-react/src/views/Boiler)
2024-05-19 12:34:17.807 [pool-3-thread-1] INFO  com.rs.mv.mvvs.client.catalog.from.scan.CurrentPathScanner - [client:400205]scan file in current open file directory(C:/Users/JZ4874/Documents/scada-react/src/components/sideBar)
2024-05-19 12:34:19.601 [pool-3-thread-1] INFO  com.rs.mv.mvvs.client.catalog.from.scan.CurrentPathScanner - [client:400205]scan file in current open file directory(C:/Users/JZ4874/Documents/scada-react/src/views/Alarms)
2024-05-19 12:34:19.811 [pool-3-thread-1] INFO  com.rs.mv.mvvs.client.catalog.from.scan.CurrentPathScanner - [client:400205]scan file in current open file directory(C:/Users/JZ4874/Documents/scada-react/src/views/Boiler)
2024-05-19 12:34:20.014 [pool-3-thread-1] INFO  com.rs.mv.mvvs.client.catalog.from.scan.CurrentPathScanner - [client:400205]scan file in current open file directory(C:/Users/JZ4874/Documents/scada-react/src/components/measurementInfo)
2024-05-19 12:34:24.518 [pool-3-thread-1] INFO  com.rs.mv.mvvs.client.catalog.from.scan.CurrentPathScanner - [client:400205]scan file in current open file directory(C:/Users/JZ4874/Documents/scada-react/src/views/Boiler)
2024-05-19 12:34:25.797 [pool-3-thread-1] INFO  com.rs.mv.mvvs.client.catalog.from.scan.CurrentPathScanner - [client:400205]scan file in current open file directory(C:/Users/JZ4874/Documents/scada-react/src/views/Condenser)
2024-05-19 12:34:27.102 [pool-3-thread-1] INFO  com.rs.mv.mvvs.client.catalog.from.scan.CurrentPathScanner - [client:400205]scan file in current open file directory(C:/Users/JZ4874/Documents/scada-react/src/views/DistillationTower)
2024-05-19 12:34:28.299 [pool-3-thread-1] INFO  com.rs.mv.mvvs.client.catalog.from.scan.CurrentPathScanner - [client:400205]scan file in current open file directory(C:/Users/JZ4874/Documents/scada-react/src/views/Layout)
2024-05-19 12:34:31.819 [pool-3-thread-1] INFO  com.rs.mv.mvvs.client.catalog.from.scan.CurrentPathScanner - [client:400205]scan file in current open file directory(C:/Users/JZ4874/Documents/scada-react/src/views/DistillationTower)
2024-05-19 12:34:34.701 [pool-3-thread-1] INFO  com.rs.mv.mvvs.client.catalog.from.scan.CurrentPathScanner - [client:400205]scan file in current open file directory(C:/Users/JZ4874/Documents/scada-react/src/views/Boiler)
2024-05-19 12:34:41.981 [pool-3-thread-1] INFO  com.rs.mv.mvvs.client.catalog.from.scan.CurrentPathScanner - [client:400205]scan file in current open file directory(C:/Users/JZ4874/Documents/scada-react/src/views/DistillationTower)
2024-05-19 12:34:47.285 [pool-3-thread-1] INFO  com.rs.mv.mvvs.client.catalog.from.scan.CurrentPathScanner - [client:400205]scan file in current open file directory(C:/Users/JZ4874/Documents/scada-react/src/views/Boiler)
2024-05-19 12:34:49.374 [pool-3-thread-1] INFO  com.rs.mv.mvvs.client.catalog.from.scan.CurrentPathScanner - [client:400205]scan file in current open file directory(C:/Users/JZ4874/Documents/scada-react/src/views/DistillationTower)
2024-05-19 12:34:56.051 [pool-3-thread-1] INFO  com.rs.mv.mvvs.client.catalog.from.scan.CurrentPathScanner - [client:400205]scan file in current open file directory(C:/Users/JZ4874/Documents/scada-react/src/views/Condenser)
2024-05-19 12:34:58.475 [pool-3-thread-1] INFO  com.rs.mv.mvvs.client.catalog.from.scan.CurrentPathScanner - [client:400205]scan file in current open file directory(C:/Users/JZ4874/Documents/scada-react/src/views/Layout)
2024-05-19 12:35:03.489 [pool-3-thread-1] INFO  com.rs.mv.mvvs.client.catalog.from.scan.CurrentPathScanner - [client:400205]scan file in current open file directory(C:/Users/JZ4874/Documents/scada-react/src/views/Condenser)
2024-05-19 12:35:08.481 [pool-3-thread-1] INFO  com.rs.mv.mvvs.client.catalog.from.scan.CurrentPathScanner - [client:400205]scan file in current open file directory(C:/Users/JZ4874/Documents/scada-react/src/views/Storage)
2024-05-19 12:35:13.390 [pool-3-thread-1] INFO  com.rs.mv.mvvs.client.catalog.from.scan.CurrentPathScanner - [client:400205]scan file in current open file directory(C:/Users/JZ4874/Documents/scada-react/src/views/Boiler)
2024-05-19 12:35:19.707 [pool-3-thread-1] INFO  com.rs.mv.mvvs.client.catalog.from.scan.CurrentPathScanner - [client:400205]scan file in current open file directory(C:/Users/JZ4874/Documents/scada-react/src/views/DistillationTower)
2024-05-19 12:35:25.934 [pool-3-thread-1] INFO  com.rs.mv.mvvs.client.catalog.from.scan.CurrentPathScanner - [client:400205]scan file in current open file directory(C:/Users/JZ4874/Documents/scada-react/src/views/Condenser)
2024-05-19 12:35:34.524 [pool-3-thread-1] INFO  com.rs.mv.mvvs.client.catalog.from.scan.CurrentPathScanner - [client:400205]scan file in current open file directory(C:/Users/JZ4874/Documents/scada-react/src/views/Storage)
2024-05-19 12:36:26.044 [pool-3-thread-1] INFO  com.rs.mv.mvvs.client.catalog.from.scan.CurrentPathScanner - [client:400205]scan file in current open file directory(C:/Users/JZ4874/Documents/scada-react/src/components/time)
2024-05-19 12:36:35.288 [pool-3-thread-1] INFO  com.rs.mv.mvvs.client.catalog.from.scan.CurrentPathScanner - [client:400205]scan file in current open file directory(C:/Users/JZ4874/Documents/scada-react/src/components/time)
2024-05-19 12:37:02.572 [pool-3-thread-1] INFO  com.rs.mv.mvvs.client.catalog.from.scan.CurrentPathScanner - [client:400205]scan file in current open file directory(C:/Users/JZ4874/Documents/scada-react/src/views/Boiler)
2024-05-19 12:37:09.134 [pool-3-thread-1] INFO  com.rs.mv.mvvs.client.catalog.from.scan.CurrentPathScanner - [client:400205]scan file in current open file directory(C:/Users/JZ4874/Documents/scada-react/src)
2024-05-19 12:37:16.390 [pool-3-thread-1] INFO  com.rs.mv.mvvs.client.catalog.from.scan.CurrentPathScanner - [client:400205]scan file in current open file directory(C:/Users/JZ4874/Documents/scada-react/src/components/time)
2024-05-19 12:37:23.303 [pool-3-thread-1] INFO  com.rs.mv.mvvs.client.catalog.from.scan.CurrentPathScanner - [client:400205]scan file in current open file directory(C:/Users/JZ4874/Documents/scada-react/src/components/time)
2024-05-19 14:17:35.928 [pool-3-thread-1] INFO  com.rs.mv.mvvs.client.catalog.from.scan.CurrentPathScanner - [client:400205]scan file in current open file directory(C:/Users/JZ4874/Documents/scada-react/src/components/alarmsSideBar)
2024-05-19 14:18:24.665 [pool-3-thread-1] INFO  com.rs.mv.mvvs.client.catalog.from.scan.CurrentPathScanner - [client:400205]scan file in current open file directory(C:/Users/JZ4874/Documents/scada-react/src/views/Alarms)
2024-05-19 14:20:59.752 [pool-3-thread-1] INFO  com.rs.mv.mvvs.client.catalog.from.scan.CurrentPathScanner - [client:400205]scan file in current open file directory(C:/Users/JZ4874/Documents/scada-react/src/components/alarmsSideBar)
2024-05-19 14:23:22.607 [pool-3-thread-1] INFO  com.rs.mv.mvvs.client.catalog.from.scan.CurrentPathScanner - [client:400205]scan file in current open file directory(C:/Users/JZ4874/Documents/scada-react/src/views/Alarms)
2024-05-19 14:23:38.883 [pool-3-thread-1] INFO  com.rs.mv.mvvs.client.catalog.from.scan.CurrentPathScanner - [client:400205]scan file in current open file directory(C:/Users/JZ4874/Documents/scada-react/src/components/alarmsSideBar)
2024-05-19 14:25:36.656 [pool-3-thread-1] INFO  com.rs.mv.mvvs.client.catalog.from.scan.CurrentPathScanner - [client:400205]scan file in current open file directory(C:/Users/JZ4874/Documents/scada-react/src/views/Alarms)
2024-05-19 14:25:44.294 [pool-3-thread-1] INFO  com.rs.mv.mvvs.client.catalog.from.scan.CurrentPathScanner - [client:400205]scan file in current open file directory(C:/Users/JZ4874/Documents/scada-react/src/components/alarmsSideBar)
2024-05-19 14:25:59.036 [pool-3-thread-1] INFO  com.rs.mv.mvvs.client.catalog.from.scan.CurrentPathScanner - [client:400205]scan file in current open file directory(C:/Users/JZ4874/Documents/scada-react/src/views/Alarms)
2024-05-19 14:26:10.267 [pool-3-thread-1] INFO  com.rs.mv.mvvs.client.catalog.from.scan.CurrentPathScanner - [client:400205]scan file in current open file directory(C:/Users/JZ4874/Documents/scada-react/src/components/alarmsSideBar)
2024-05-19 14:28:15.837 [pool-3-thread-1] INFO  com.rs.mv.mvvs.client.catalog.from.scan.CurrentPathScanner - [client:400205]scan file in current open file directory(C:/Users/JZ4874/Documents/scada-react/src/views/Alarms)
2024-05-19 14:35:39.774 [pool-3-thread-1] INFO  com.rs.mv.mvvs.client.catalog.from.scan.CurrentPathScanner - [client:400205]scan file in current open file directory(C:/Users/JZ4874/Documents/scada-react/src)
2024-05-19 14:35:45.529 [pool-3-thread-1] INFO  com.rs.mv.mvvs.client.catalog.from.scan.CurrentPathScanner - [client:400205]scan file in current open file directory(C:/Users/JZ4874/Documents/scada-react/src)
2024-05-19 14:35:48.978 [pool-3-thread-1] INFO  com.rs.mv.mvvs.client.catalog.from.scan.CurrentPathScanner - [client:400205]scan file in current open file directory(C:/Users/JZ4874/Documents/scada-react/src)
2024-05-19 14:35:50.197 [pool-3-thread-1] INFO  com.rs.mv.mvvs.client.catalog.from.scan.CurrentPathScanner - [client:400205]scan file in current open file directory(C:/Users/JZ4874/Documents/scada-react/src)
2024-05-19 14:36:30.266 [pool-3-thread-1] INFO  com.rs.mv.mvvs.client.catalog.from.scan.CurrentPathScanner - [client:400205]scan file in current open file directory(C:/Users/JZ4874/Documents/scada-react/src)
2024-05-19 14:36:32.669 [pool-3-thread-1] INFO  com.rs.mv.mvvs.client.catalog.from.scan.CurrentPathScanner - [client:400205]scan file in current open file directory(C:/Users/JZ4874/Documents/scada-react/src)
2024-05-19 14:36:38.187 [pool-3-thread-1] INFO  com.rs.mv.mvvs.client.catalog.from.scan.CurrentPathScanner - [client:400205]scan file in current open file directory(C:/Users/JZ4874/Documents/scada-react/src)
2024-05-19 14:37:02.297 [pool-3-thread-1] INFO  com.rs.mv.mvvs.client.catalog.from.scan.CurrentPathScanner - [client:400205]scan file in current open file directory(C:/Users/JZ4874/Documents/scada-react/public)
2024-05-19 14:37:52.750 [pool-3-thread-1] INFO  com.rs.mv.mvvs.client.catalog.from.scan.CurrentPathScanner - [client:400205]scan file in current open file directory(C:/Users/JZ4874/Documents/scada-react/public)
2024-05-19 14:48:25.513 [pool-3-thread-1] INFO  com.rs.mv.mvvs.client.catalog.from.scan.CurrentPathScanner - [client:400205]scan file in current open file directory(C:/Users/JZ4874/Documents/scada-react/src)
2024-05-19 14:48:33.857 [pool-3-thread-1] INFO  com.rs.mv.mvvs.client.catalog.from.scan.CurrentPathScanner - [client:400205]scan file in current open file directory(C:/Users/JZ4874/Documents/scada-react/src/views/Boiler)
2024-05-19 14:48:48.040 [pool-3-thread-1] INFO  com.rs.mv.mvvs.client.catalog.from.scan.CurrentPathScanner - [client:400205]scan file in current open file directory(C:/Users/JZ4874/Documents/scada-react/src/components/measurement)
2024-05-19 14:50:50.953 [pool-3-thread-1] INFO  com.rs.mv.mvvs.client.catalog.from.scan.CurrentPathScanner - [client:400205]scan file in current open file directory(C:/Users/JZ4874/Documents/scada-react/src/views/Boiler)
2024-05-19 14:51:56.685 [pool-3-thread-1] INFO  com.rs.mv.mvvs.client.catalog.from.scan.CurrentPathScanner - [client:400205]scan file in current open file directory(C:/Users/JZ4874/Documents/scada-react/src/components/measurement)
2024-05-19 14:52:08.629 [pool-3-thread-1] INFO  com.rs.mv.mvvs.client.catalog.from.scan.CurrentPathScanner - [client:400205]scan file in current open file directory(C:/Users/JZ4874/Documents/scada-react/src/views/Boiler)
2024-05-19 14:58:41.724 [pool-3-thread-1] INFO  com.rs.mv.mvvs.client.catalog.from.scan.CurrentPathScanner - [client:400205]scan file in current open file directory(C:/Users/JZ4874/Documents/scada-react/src/views/DistillationTower)
2024-05-19 15:49:01.146 [pool-3-thread-1] INFO  com.rs.mv.mvvs.client.catalog.from.scan.CurrentPathScanner - [client:400205]scan file in current open file directory(C:/Users/JZ4874/Documents/scada-react/src/views/Boiler)
2024-05-19 15:52:32.139 [pool-3-thread-1] INFO  com.rs.mv.mvvs.client.catalog.from.scan.CurrentPathScanner - [client:400205]scan file in current open file directory(C:/Users/JZ4874/Documents/scada-react/src/components/measurement)
2024-05-19 15:52:45.741 [pool-3-thread-1] INFO  com.rs.mv.mvvs.client.catalog.from.scan.CurrentPathScanner - [client:400205]scan file in current open file directory(C:/Users/JZ4874/Documents/scada-react/src/views/Boiler)
2024-05-19 15:52:56.847 [pool-3-thread-1] INFO  com.rs.mv.mvvs.client.catalog.from.scan.CurrentPathScanner - [client:400205]scan file in current open file directory(C:/Users/JZ4874/Documents/scada-react/src/components/measurement)
2024-05-19 15:53:01.835 [pool-3-thread-1] INFO  com.rs.mv.mvvs.client.catalog.from.scan.CurrentPathScanner - [client:400205]scan file in current open file directory(C:/Users/JZ4874/Documents/scada-react/src/views/Boiler)
2024-05-19 15:53:30.957 [pool-3-thread-1] INFO  com.rs.mv.mvvs.client.catalog.from.scan.CurrentPathScanner - [client:400205]scan file in current open file directory(C:/Users/JZ4874/Documents/scada-react/src/components/measurement)
2024-05-19 15:53:38.226 [pool-3-thread-1] INFO  com.rs.mv.mvvs.client.catalog.from.scan.CurrentPathScanner - [client:400205]scan file in current open file directory(C:/Users/JZ4874/Documents/scada-react/src/views/Boiler)
2024-05-19 15:59:40.480 [pool-3-thread-1] INFO  com.rs.mv.mvvs.client.catalog.from.scan.CurrentPathScanner - [client:400205]scan file in current open file directory(C:/Users/JZ4874/Documents/scada-react/src/views/DistillationTower)
2024-05-19 15:59:41.989 [pool-3-thread-1] INFO  com.rs.mv.mvvs.client.catalog.from.scan.CurrentPathScanner - [client:400205]scan file in current open file directory(C:/Users/JZ4874/Documents/scada-react/src/views/Boiler)
2024-05-19 15:59:51.113 [pool-3-thread-1] INFO  com.rs.mv.mvvs.client.catalog.from.scan.CurrentPathScanner - [client:400205]scan file in current open file directory(C:/Users/JZ4874/Documents/scada-react/src/views/DistillationTower)
2024-05-19 15:59:54.355 [pool-3-thread-1] INFO  com.rs.mv.mvvs.client.catalog.from.scan.CurrentPathScanner - [client:400205]scan file in current open file directory(C:/Users/JZ4874/Documents/scada-react/src/views/Boiler)
2024-05-19 15:59:55.431 [pool-3-thread-1] INFO  com.rs.mv.mvvs.client.catalog.from.scan.CurrentPathScanner - [client:400205]scan file in current open file directory(C:/Users/JZ4874/Documents/scada-react/src/views/DistillationTower)
2024-05-19 16:00:02.383 [pool-3-thread-1] INFO  com.rs.mv.mvvs.client.catalog.from.scan.CurrentPathScanner - [client:400205]scan file in current open file directory(C:/Users/JZ4874/Documents/scada-react/src/views/Boiler)
2024-05-19 16:00:04.266 [pool-3-thread-1] INFO  com.rs.mv.mvvs.client.catalog.from.scan.CurrentPathScanner - [client:400205]scan file in current open file directory(C:/Users/JZ4874/Documents/scada-react/src/views/DistillationTower)
2024-05-19 16:00:06.489 [pool-3-thread-1] INFO  com.rs.mv.mvvs.client.catalog.from.scan.CurrentPathScanner - [client:400205]scan file in current open file directory(C:/Users/JZ4874/Documents/scada-react/src/views/Condenser)
2024-05-19 16:00:08.996 [pool-3-thread-1] INFO  com.rs.mv.mvvs.client.catalog.from.scan.CurrentPathScanner - [client:400205]scan file in current open file directory(C:/Users/JZ4874/Documents/scada-react/src/views/DistillationTower)
2024-05-19 16:00:10.137 [pool-3-thread-1] INFO  com.rs.mv.mvvs.client.catalog.from.scan.CurrentPathScanner - [client:400205]scan file in current open file directory(C:/Users/JZ4874/Documents/scada-react/src/views/Condenser)
2024-05-19 16:00:16.457 [pool-3-thread-1] INFO  com.rs.mv.mvvs.client.catalog.from.scan.CurrentPathScanner - [client:400205]scan file in current open file directory(C:/Users/JZ4874/Documents/scada-react/src/views/Storage)
2024-05-19 16:00:26.851 [pool-3-thread-1] INFO  com.rs.mv.mvvs.client.catalog.from.scan.CurrentPathScanner - [client:400205]scan file in current open file directory(C:/Users/JZ4874/Documents/scada-react/src/views/Boiler)
2024-05-19 16:00:28.948 [pool-3-thread-1] INFO  com.rs.mv.mvvs.client.catalog.from.scan.CurrentPathScanner - [client:400205]scan file in current open file directory(C:/Users/JZ4874/Documents/scada-react/src/views/DistillationTower)
2024-05-19 16:00:30.968 [pool-3-thread-1] INFO  com.rs.mv.mvvs.client.catalog.from.scan.CurrentPathScanner - [client:400205]scan file in current open file directory(C:/Users/JZ4874/Documents/scada-react/src/views/Boiler)
2024-05-19 16:00:36.268 [pool-3-thread-1] INFO  com.rs.mv.mvvs.client.catalog.from.scan.CurrentPathScanner - [client:400205]scan file in current open file directory(C:/Users/JZ4874/Documents/scada-react/src/views/DistillationTower)
2024-05-19 16:00:46.768 [pool-3-thread-1] INFO  com.rs.mv.mvvs.client.catalog.from.scan.CurrentPathScanner - [client:400205]scan file in current open file directory(C:/Users/JZ4874/Documents/scada-react/src/views/Boiler)
2024-05-19 16:00:49.660 [pool-3-thread-1] INFO  com.rs.mv.mvvs.client.catalog.from.scan.CurrentPathScanner - [client:400205]scan file in current open file directory(C:/Users/JZ4874/Documents/scada-react/src/views/DistillationTower)
2024-05-19 16:00:54.331 [pool-3-thread-1] INFO  com.rs.mv.mvvs.client.catalog.from.scan.CurrentPathScanner - [client:400205]scan file in current open file directory(C:/Users/JZ4874/Documents/scada-react/src/views/Boiler)
2024-05-19 16:00:55.654 [pool-3-thread-1] INFO  com.rs.mv.mvvs.client.catalog.from.scan.CurrentPathScanner - [client:400205]scan file in current open file directory(C:/Users/JZ4874/Documents/scada-react/src/views/DistillationTower)
2024-05-19 16:01:05.790 [pool-3-thread-1] INFO  com.rs.mv.mvvs.client.catalog.from.scan.CurrentPathScanner - [client:400205]scan file in current open file directory(C:/Users/JZ4874/Documents/scada-react/src/views/Boiler)
2024-05-19 16:01:11.084 [pool-3-thread-1] INFO  com.rs.mv.mvvs.client.catalog.from.scan.CurrentPathScanner - [client:400205]scan file in current open file directory(C:/Users/JZ4874/Documents/scada-react/src/views/Condenser)
2024-05-19 16:01:13.723 [pool-3-thread-1] INFO  com.rs.mv.mvvs.client.catalog.from.scan.CurrentPathScanner - [client:400205]scan file in current open file directory(C:/Users/JZ4874/Documents/scada-react/src/views/DistillationTower)
2024-05-19 16:01:17.379 [pool-3-thread-1] INFO  com.rs.mv.mvvs.client.catalog.from.scan.CurrentPathScanner - [client:400205]scan file in current open file directory(C:/Users/JZ4874/Documents/scada-react/src/views/Condenser)
2024-05-19 16:01:18.532 [pool-3-thread-1] INFO  com.rs.mv.mvvs.client.catalog.from.scan.CurrentPathScanner - [client:400205]scan file in current open file directory(C:/Users/JZ4874/Documents/scada-react/src/views/DistillationTower)
2024-05-19 16:01:23.156 [pool-3-thread-1] INFO  com.rs.mv.mvvs.client.catalog.from.scan.CurrentPathScanner - [client:400205]scan file in current open file directory(C:/Users/JZ4874/Documents/scada-react/src/views/Condenser)
2024-05-19 16:01:35.393 [pool-3-thread-1] INFO  com.rs.mv.mvvs.client.catalog.from.scan.CurrentPathScanner - [client:400205]scan file in current open file directory(C:/Users/JZ4874/Documents/scada-react/src/views/DistillationTower)
2024-05-19 16:01:38.323 [pool-3-thread-1] INFO  com.rs.mv.mvvs.client.catalog.from.scan.CurrentPathScanner - [client:400205]scan file in current open file directory(C:/Users/JZ4874/Documents/scada-react/src/views/Condenser)
2024-05-19 16:01:44.303 [pool-3-thread-1] INFO  com.rs.mv.mvvs.client.catalog.from.scan.CurrentPathScanner - [client:400205]scan file in current open file directory(C:/Users/JZ4874/Documents/scada-react/src/views/DistillationTower)
2024-05-19 16:01:45.579 [pool-3-thread-1] INFO  com.rs.mv.mvvs.client.catalog.from.scan.CurrentPathScanner - [client:400205]scan file in current open file directory(C:/Users/JZ4874/Documents/scada-react/src/views/Condenser)
2024-05-19 16:01:49.322 [pool-3-thread-1] INFO  com.rs.mv.mvvs.client.catalog.from.scan.CurrentPathScanner - [client:400205]scan file in current open file directory(C:/Users/JZ4874/Documents/scada-react/src/views/DistillationTower)
2024-05-19 16:01:50.538 [pool-3-thread-1] INFO  com.rs.mv.mvvs.client.catalog.from.scan.CurrentPathScanner - [client:400205]scan file in current open file directory(C:/Users/JZ4874/Documents/scada-react/src/views/Storage)
2024-05-19 16:01:54.220 [pool-3-thread-1] INFO  com.rs.mv.mvvs.client.catalog.from.scan.CurrentPathScanner - [client:400205]scan file in current open file directory(C:/Users/JZ4874/Documents/scada-react/src/views/Condenser)
2024-05-19 16:01:59.929 [pool-3-thread-1] INFO  com.rs.mv.mvvs.client.catalog.from.scan.CurrentPathScanner - [client:400205]scan file in current open file directory(C:/Users/JZ4874/Documents/scada-react/src/views/Storage)
2024-05-19 16:02:10.689 [pool-3-thread-1] INFO  com.rs.mv.mvvs.client.catalog.from.scan.CurrentPathScanner - [client:400205]scan file in current open file directory(C:/Users/JZ4874/Documents/scada-react/src/views/Condenser)
2024-05-19 16:02:16.412 [pool-3-thread-1] INFO  com.rs.mv.mvvs.client.catalog.from.scan.CurrentPathScanner - [client:400205]scan file in current open file directory(C:/Users/JZ4874/Documents/scada-react/src/views/Storage)
2024-05-19 16:02:43.386 [pool-3-thread-1] INFO  com.rs.mv.mvvs.client.catalog.from.scan.CurrentPathScanner - [client:400205]scan file in current open file directory(C:/Users/JZ4874/Documents/scada-react/src/views/Boiler)
2024-05-19 16:02:57.176 [pool-3-thread-1] INFO  com.rs.mv.mvvs.client.catalog.from.scan.CurrentPathScanner - [client:400205]scan file in current open file directory(C:/Users/JZ4874/Documents/scada-react/src/views/DistillationTower)
2024-05-19 16:03:01.557 [pool-3-thread-1] INFO  com.rs.mv.mvvs.client.catalog.from.scan.CurrentPathScanner - [client:400205]scan file in current open file directory(C:/Users/JZ4874/Documents/scada-react/src/views/Condenser)
2024-05-19 16:03:05.631 [pool-3-thread-1] INFO  com.rs.mv.mvvs.client.catalog.from.scan.CurrentPathScanner - [client:400205]scan file in current open file directory(C:/Users/JZ4874/Documents/scada-react/src/views/Storage)
2024-05-19 16:12:59.378 [pool-3-thread-1] INFO  com.rs.mv.mvvs.client.catalog.from.scan.CurrentPathScanner - [client:400205]scan file in current open file directory(C:/Users/JZ4874/Documents/scada-react/src/views/Boiler)
2024-05-19 16:13:35.017 [pool-3-thread-1] INFO  com.rs.mv.mvvs.client.catalog.from.scan.CurrentPathScanner - [client:400205]scan file in current open file directory(C:/Users/JZ4874/Documents/scada-react/src/views/DistillationTower)
2024-05-19 16:13:40.165 [pool-3-thread-1] INFO  com.rs.mv.mvvs.client.catalog.from.scan.CurrentPathScanner - [client:400205]scan file in current open file directory(C:/Users/JZ4874/Documents/scada-react/src/views/Boiler)
2024-05-19 16:13:41.397 [pool-3-thread-1] INFO  com.rs.mv.mvvs.client.catalog.from.scan.CurrentPathScanner - [client:400205]scan file in current open file directory(C:/Users/JZ4874/Documents/scada-react/src/views/DistillationTower)
2024-05-19 16:13:45.347 [pool-3-thread-1] INFO  com.rs.mv.mvvs.client.catalog.from.scan.CurrentPathScanner - [client:400205]scan file in current open file directory(C:/Users/JZ4874/Documents/scada-react/src/views/Condenser)
2024-05-19 16:13:49.028 [pool-3-thread-1] INFO  com.rs.mv.mvvs.client.catalog.from.scan.CurrentPathScanner - [client:400205]scan file in current open file directory(C:/Users/JZ4874/Documents/scada-react/src/views/Storage)
2024-05-19 16:14:26.455 [pool-3-thread-1] INFO  com.rs.mv.mvvs.client.catalog.from.scan.CurrentPathScanner - [client:400205]scan file in current open file directory(C:/Users/JZ4874/Documents/scada-react/src/views/Condenser)
2024-05-19 16:14:27.832 [pool-3-thread-1] INFO  com.rs.mv.mvvs.client.catalog.from.scan.CurrentPathScanner - [client:400205]scan file in current open file directory(C:/Users/JZ4874/Documents/scada-react/src/views/DistillationTower)
2024-05-19 16:14:29.212 [pool-3-thread-1] INFO  com.rs.mv.mvvs.client.catalog.from.scan.CurrentPathScanner - [client:400205]scan file in current open file directory(C:/Users/JZ4874/Documents/scada-react/src/views/Boiler)
2024-05-19 16:17:23.893 [pool-3-thread-1] INFO  com.rs.mv.mvvs.client.catalog.from.scan.CurrentPathScanner - [client:400205]scan file in current open file directory(C:/Users/JZ4874/Documents/scada-react/src/views/Storage)
2024-05-19 16:17:34.606 [pool-3-thread-1] INFO  com.rs.mv.mvvs.client.catalog.from.scan.CurrentPathScanner - [client:400205]scan file in current open file directory(C:/Users/JZ4874/Documents/scada-react/src/components/measurement)
2024-05-19 16:18:23.150 [pool-3-thread-1] INFO  com.rs.mv.mvvs.client.catalog.from.scan.CurrentPathScanner - [client:400205]scan file in current open file directory(C:/Users/JZ4874/Documents/scada-react/src/components/measurementInfo)
2024-05-19 18:11:07.875 [pool-3-thread-1] INFO  com.rs.mv.mvvs.client.catalog.from.scan.CurrentPathScanner - [client:400205]scan file in current open file directory(C:/Users/JZ4874/Documents/scada-react/src/components/measurement)
2024-05-19 18:11:47.926 [pool-3-thread-1] INFO  com.rs.mv.mvvs.client.catalog.from.scan.CurrentPathScanner - [client:400205]scan file in current open file directory(C:/Users/JZ4874/Documents/scada-react/src/views/Storage)
2024-05-19 18:12:05.168 [pool-3-thread-1] INFO  com.rs.mv.mvvs.client.catalog.from.scan.CurrentPathScanner - [client:400205]scan file in current open file directory(C:/Users/JZ4874/Documents/scada-react/src/views/Boiler)
2024-05-19 18:12:06.841 [pool-3-thread-1] INFO  com.rs.mv.mvvs.client.catalog.from.scan.CurrentPathScanner - [client:400205]scan file in current open file directory(C:/Users/JZ4874/Documents/scada-react/src/views/Condenser)
2024-05-19 18:12:07.992 [pool-3-thread-1] INFO  com.rs.mv.mvvs.client.catalog.from.scan.CurrentPathScanner - [client:400205]scan file in current open file directory(C:/Users/JZ4874/Documents/scada-react/src/components/time)
2024-05-19 18:12:09.805 [pool-3-thread-1] INFO  com.rs.mv.mvvs.client.catalog.from.scan.CurrentPathScanner - [client:400205]scan file in current open file directory(C:/Users/JZ4874/Documents/scada-react/src/views/Condenser)
2024-05-19 18:12:18.276 [pool-3-thread-1] INFO  com.rs.mv.mvvs.client.catalog.from.scan.CurrentPathScanner - [client:400205]scan file in current open file directory(C:/Users/JZ4874/Documents/scada-react/src/views/Boiler)
2024-05-19 18:12:20.211 [pool-3-thread-1] INFO  com.rs.mv.mvvs.client.catalog.from.scan.CurrentPathScanner - [client:400205]scan file in current open file directory(C:/Users/JZ4874/Documents/scada-react/src/views/DistillationTower)
2024-05-19 18:12:31.969 [pool-3-thread-1] INFO  com.rs.mv.mvvs.client.catalog.from.scan.CurrentPathScanner - [client:400205]scan file in current open file directory(C:/Users/JZ4874/Documents/scada-react/src/views/Boiler)
2024-05-19 18:12:48.400 [pool-3-thread-1] INFO  com.rs.mv.mvvs.client.catalog.from.scan.CurrentPathScanner - [client:400205]scan file in current open file directory(C:/Users/JZ4874/Documents/scada-react/src)
2024-05-19 18:13:04.875 [pool-3-thread-1] INFO  com.rs.mv.mvvs.client.catalog.from.scan.CurrentPathScanner - [client:400205]scan file in current open file directory(C:/Users/JZ4874/Documents/scada-react/src)
2024-05-19 18:13:06.426 [pool-3-thread-1] INFO  com.rs.mv.mvvs.client.catalog.from.scan.CurrentPathScanner - [client:400205]scan file in current open file directory(C:/Users/JZ4874/Documents/scada-react/src/views/Alarms)
2024-05-19 18:16:09.930 [pool-3-thread-1] INFO  com.rs.mv.mvvs.client.catalog.from.scan.CurrentPathScanner - [client:400205]scan file in current open file directory(C:/Users/JZ4874/Documents/scada-react/src/components/alarmsSideBar)
2024-05-19 18:16:23.924 [pool-3-thread-1] INFO  com.rs.mv.mvvs.client.catalog.from.scan.CurrentPathScanner - [client:400205]scan file in current open file directory(C:/Users/JZ4874/Documents/scada-react/src/components/time)
2024-05-19 18:22:07.852 [pool-3-thread-1] INFO  com.rs.mv.mvvs.client.catalog.from.scan.CurrentPathScanner - [client:400205]scan file in current open file directory(C:/Users/JZ4874/Documents/scada-react/src/components/sideBar)
2024-05-19 18:26:42.781 [pool-3-thread-1] INFO  com.rs.mv.mvvs.client.catalog.from.scan.CurrentPathScanner - [client:400205]scan file in current open file directory(C:/Users/JZ4874/Documents/scada-react/src/components/alarm)
2024-05-19 18:26:58.157 [pool-3-thread-1] INFO  com.rs.mv.mvvs.client.catalog.from.scan.CurrentPathScanner - [client:400205]scan file in current open file directory(C:/Users/JZ4874/Documents/scada-react/src/components/alarm)
2024-05-19 18:27:20.022 [pool-3-thread-1] INFO  com.rs.mv.mvvs.client.catalog.from.scan.CurrentPathScanner - [client:400205]scan file in current open file directory(C:/Users/JZ4874/Documents/scada-react/src/components/alarmsSideBar)
2024-05-19 18:27:50.146 [pool-3-thread-1] INFO  com.rs.mv.mvvs.client.catalog.from.scan.CurrentPathScanner - [client:400205]scan file in current open file directory(C:/Users/JZ4874/Documents/scada-react/src/components/alarmsSideBar)
2024-05-19 18:28:08.698 [pool-3-thread-1] INFO  com.rs.mv.mvvs.client.catalog.from.scan.CurrentPathScanner - [client:400205]scan file in current open file directory(C:/Users/JZ4874/Documents/scada-react/src/components/fileContext)
2024-05-19 18:28:13.302 [pool-3-thread-1] INFO  com.rs.mv.mvvs.client.catalog.from.scan.CurrentPathScanner - [client:400205]scan file in current open file directory(C:/Users/JZ4874/Documents/scada-react/src/components/measurement)
2024-05-19 18:28:16.989 [pool-3-thread-1] INFO  com.rs.mv.mvvs.client.catalog.from.scan.CurrentPathScanner - [client:400205]scan file in current open file directory(C:/Users/JZ4874/Documents/scada-react/src/components/measurement)
2024-05-19 18:28:26.312 [pool-3-thread-1] INFO  com.rs.mv.mvvs.client.catalog.from.scan.CurrentPathScanner - [client:400205]scan file in current open file directory(C:/Users/JZ4874/Documents/scada-react/src/components/measurementInfo)
2024-05-19 18:28:31.908 [pool-3-thread-1] INFO  com.rs.mv.mvvs.client.catalog.from.scan.CurrentPathScanner - [client:400205]scan file in current open file directory(C:/Users/JZ4874/Documents/scada-react/src/components/measurementInfo)
2024-05-19 18:28:52.819 [pool-3-thread-1] INFO  com.rs.mv.mvvs.client.catalog.from.scan.CurrentPathScanner - [client:400205]scan file in current open file directory(C:/Users/JZ4874/Documents/scada-react/src/components/navBar)
2024-05-19 18:28:57.789 [pool-3-thread-1] INFO  com.rs.mv.mvvs.client.catalog.from.scan.CurrentPathScanner - [client:400205]scan file in current open file directory(C:/Users/JZ4874/Documents/scada-react/src/components/navBar)
2024-05-19 18:29:02.130 [pool-3-thread-1] INFO  com.rs.mv.mvvs.client.catalog.from.scan.CurrentPathScanner - [client:400205]scan file in current open file directory(C:/Users/JZ4874/Documents/scada-react/src/components/sideBar)
2024-05-19 18:29:16.831 [pool-3-thread-1] INFO  com.rs.mv.mvvs.client.catalog.from.scan.CurrentPathScanner - [client:400205]scan file in current open file directory(C:/Users/JZ4874/Documents/scada-react/src/components/sideBar)
2024-05-19 18:29:21.934 [pool-3-thread-1] INFO  com.rs.mv.mvvs.client.catalog.from.scan.CurrentPathScanner - [client:400205]scan file in current open file directory(C:/Users/JZ4874/Documents/scada-react/src/components/time)
2024-05-19 18:29:35.555 [pool-3-thread-1] INFO  com.rs.mv.mvvs.client.catalog.from.scan.CurrentPathScanner - [client:400205]scan file in current open file directory(C:/Users/JZ4874/Documents/scada-react/src/components/time)
2024-05-19 18:29:39.976 [pool-3-thread-1] INFO  com.rs.mv.mvvs.client.catalog.from.scan.CurrentPathScanner - [client:400205]scan file in current open file directory(C:/Users/JZ4874/Documents/scada-react/src/views/Alarms)
2024-05-19 18:29:42.595 [pool-3-thread-1] INFO  com.rs.mv.mvvs.client.catalog.from.scan.CurrentPathScanner - [client:400205]scan file in current open file directory(C:/Users/JZ4874/Documents/scada-react/src/views/Alarms)
2024-05-19 18:29:45.438 [pool-3-thread-1] INFO  com.rs.mv.mvvs.client.catalog.from.scan.CurrentPathScanner - [client:400205]scan file in current open file directory(C:/Users/JZ4874/Documents/scada-react/src/views/Boiler)
2024-05-19 18:29:47.412 [pool-3-thread-1] INFO  com.rs.mv.mvvs.client.catalog.from.scan.CurrentPathScanner - [client:400205]scan file in current open file directory(C:/Users/JZ4874/Documents/scada-react/src/views/Alarms)
2024-05-19 18:29:48.768 [pool-3-thread-1] INFO  com.rs.mv.mvvs.client.catalog.from.scan.CurrentPathScanner - [client:400205]scan file in current open file directory(C:/Users/JZ4874/Documents/scada-react/src/views/Boiler)
2024-05-19 18:29:52.905 [pool-3-thread-1] INFO  com.rs.mv.mvvs.client.catalog.from.scan.CurrentPathScanner - [client:400205]scan file in current open file directory(C:/Users/JZ4874/Documents/scada-react/src/views/Condenser)
2024-05-19 18:29:55.313 [pool-3-thread-1] INFO  com.rs.mv.mvvs.client.catalog.from.scan.CurrentPathScanner - [client:400205]scan file in current open file directory(C:/Users/JZ4874/Documents/scada-react/src/views/Condenser)
2024-05-19 18:30:00.226 [pool-3-thread-1] INFO  com.rs.mv.mvvs.client.catalog.from.scan.CurrentPathScanner - [client:400205]scan file in current open file directory(C:/Users/JZ4874/Documents/scada-react/src/views/DistillationTower)
2024-05-19 18:30:02.281 [pool-3-thread-1] INFO  com.rs.mv.mvvs.client.catalog.from.scan.CurrentPathScanner - [client:400205]scan file in current open file directory(C:/Users/JZ4874/Documents/scada-react/src/views/DistillationTower)
2024-05-19 18:30:06.705 [pool-3-thread-1] INFO  com.rs.mv.mvvs.client.catalog.from.scan.CurrentPathScanner - [client:400205]scan file in current open file directory(C:/Users/JZ4874/Documents/scada-react/src/views/Layout)
2024-05-19 18:30:09.338 [pool-3-thread-1] INFO  com.rs.mv.mvvs.client.catalog.from.scan.CurrentPathScanner - [client:400205]scan file in current open file directory(C:/Users/JZ4874/Documents/scada-react/src/views/Layout)
2024-05-19 18:30:24.236 [pool-3-thread-1] INFO  com.rs.mv.mvvs.client.catalog.from.scan.CurrentPathScanner - [client:400205]scan file in current open file directory(C:/Users/JZ4874/Documents/scada-react/src/views/Storage)
2024-05-19 18:30:26.989 [pool-3-thread-1] INFO  com.rs.mv.mvvs.client.catalog.from.scan.CurrentPathScanner - [client:400205]scan file in current open file directory(C:/Users/JZ4874/Documents/scada-react/src/views/Storage)
2024-05-19 18:30:31.867 [pool-3-thread-1] INFO  com.rs.mv.mvvs.client.catalog.from.scan.CurrentPathScanner - [client:400205]scan file in current open file directory(C:/Users/JZ4874/Documents/scada-react/src)
2024-05-19 18:30:48.908 [pool-3-thread-1] INFO  com.rs.mv.mvvs.client.catalog.from.scan.CurrentPathScanner - [client:400205]scan file in current open file directory(C:/Users/JZ4874/Documents/scada-react/src)
2024-05-19 18:31:21.767 [pool-3-thread-1] INFO  com.rs.mv.mvvs.client.catalog.from.scan.CurrentPathScanner - [client:400205]scan file in current open file directory(C:/Users/JZ4874/Documents/scada-react/src)
2024-05-19 18:31:23.285 [pool-3-thread-1] INFO  com.rs.mv.mvvs.client.catalog.from.scan.CurrentPathScanner - [client:400205]scan file in current open file directory(C:/Users/JZ4874/Documents/scada-react/src)
2024-05-19 18:31:24.764 [pool-3-thread-1] INFO  com.rs.mv.mvvs.client.catalog.from.scan.CurrentPathScanner - [client:400205]scan file in current open file directory(C:/Users/JZ4874/Documents/scada-react/src)
2024-05-19 18:31:25.107 [pool-3-thread-1] INFO  com.rs.mv.mvvs.client.catalog.from.scan.CurrentPathScanner - [client:400205]scan file in current open file directory(C:/Users/JZ4874/Documents/scada-react/src)
2024-05-19 18:31:26.259 [pool-3-thread-1] INFO  com.rs.mv.mvvs.client.catalog.from.scan.CurrentPathScanner - [client:400205]scan file in current open file directory(C:/Users/JZ4874/Documents/scada-react/src)
2024-05-19 18:32:58.689 [pool-3-thread-1] INFO  com.rs.mv.mvvs.client.catalog.from.scan.CurrentPathScanner - [client:400205]scan file in current open file directory(C:/Users/JZ4874/Documents/scada-react/src/views/Storage)
2024-05-19 18:33:25.567 [pool-3-thread-1] INFO  com.rs.mv.mvvs.client.catalog.from.scan.CurrentPathScanner - [client:400205]scan file in current open file directory(C:/Users/JZ4874/Documents/scada-react/src/views/Storage)
2024-05-19 18:33:28.876 [pool-3-thread-1] INFO  com.rs.mv.mvvs.client.catalog.from.scan.CurrentPathScanner - [client:400205]scan file in current open file directory(C:/Users/JZ4874/Documents/scada-react/src/views/Storage)
2024-05-19 18:33:39.194 [pool-3-thread-1] INFO  com.rs.mv.mvvs.client.catalog.from.scan.CurrentPathScanner - [client:400205]scan file in current open file directory(C:/Users/JZ4874/Documents/scada-react/src/views/Storage)
2024-05-19 18:35:25.915 [pool-3-thread-1] INFO  com.rs.mv.mvvs.client.catalog.from.scan.CurrentPathScanner - [client:400205]scan file in current open file directory(C:/Users/JZ4874/Documents/scada-react/src/views/Storage)
2024-05-19 18:35:35.697 [pool-3-thread-1] INFO  com.rs.mv.mvvs.client.catalog.from.scan.CurrentPathScanner - [client:400205]scan file in current open file directory(C:/Users/JZ4874/Documents/scada-react/src/views/Layout)
2024-05-19 18:35:43.170 [pool-3-thread-1] INFO  com.rs.mv.mvvs.client.catalog.from.scan.CurrentPathScanner - [client:400205]scan file in current open file directory(C:/Users/JZ4874/Documents/scada-react/src/views/Layout)
2024-05-19 18:35:45.262 [pool-3-thread-1] INFO  com.rs.mv.mvvs.client.catalog.from.scan.CurrentPathScanner - [client:400205]scan file in current open file directory(C:/Users/JZ4874/Documents/scada-react/src/views/DistillationTower)
2024-05-19 18:35:57.937 [pool-3-thread-1] INFO  com.rs.mv.mvvs.client.catalog.from.scan.CurrentPathScanner - [client:400205]scan file in current open file directory(C:/Users/JZ4874/Documents/scada-react/src/views/DistillationTower)
2024-05-19 18:36:00.932 [pool-3-thread-1] INFO  com.rs.mv.mvvs.client.catalog.from.scan.CurrentPathScanner - [client:400205]scan file in current open file directory(C:/Users/JZ4874/Documents/scada-react/src/views/Condenser)
2024-05-19 18:36:25.352 [pool-3-thread-1] INFO  com.rs.mv.mvvs.client.catalog.from.scan.CurrentPathScanner - [client:400205]scan file in current open file directory(C:/Users/JZ4874/Documents/scada-react/src/views/Condenser)
2024-05-19 18:36:27.712 [pool-3-thread-1] INFO  com.rs.mv.mvvs.client.catalog.from.scan.CurrentPathScanner - [client:400205]scan file in current open file directory(C:/Users/JZ4874/Documents/scada-react/src/views/Boiler)
2024-05-19 18:36:46.887 [pool-3-thread-1] INFO  com.rs.mv.mvvs.client.catalog.from.scan.CurrentPathScanner - [client:400205]scan file in current open file directory(C:/Users/JZ4874/Documents/scada-react/src/views/Boiler)
2024-05-19 18:36:49.674 [pool-3-thread-1] INFO  com.rs.mv.mvvs.client.catalog.from.scan.CurrentPathScanner - [client:400205]scan file in current open file directory(C:/Users/JZ4874/Documents/scada-react/src/views/Alarms)
2024-05-19 18:37:05.448 [pool-3-thread-1] INFO  com.rs.mv.mvvs.client.catalog.from.scan.CurrentPathScanner - [client:400205]scan file in current open file directory(C:/Users/JZ4874/Documents/scada-react/src/views/Alarms)
2024-05-19 18:37:09.393 [pool-3-thread-1] INFO  com.rs.mv.mvvs.client.catalog.from.scan.CurrentPathScanner - [client:400205]scan file in current open file directory(C:/Users/JZ4874/Documents/scada-react/src/components/time)
2024-05-19 18:37:19.861 [pool-3-thread-1] INFO  com.rs.mv.mvvs.client.catalog.from.scan.CurrentPathScanner - [client:400205]scan file in current open file directory(C:/Users/JZ4874/Documents/scada-react/src/components/time)
2024-05-19 18:37:24.158 [pool-3-thread-1] INFO  com.rs.mv.mvvs.client.catalog.from.scan.CurrentPathScanner - [client:400205]scan file in current open file directory(C:/Users/JZ4874/Documents/scada-react/src/components/sideBar)
2024-05-19 18:37:36.056 [pool-3-thread-1] INFO  com.rs.mv.mvvs.client.catalog.from.scan.CurrentPathScanner - [client:400205]scan file in current open file directory(C:/Users/JZ4874/Documents/scada-react/src/components/sideBar)
2024-05-19 18:37:40.150 [pool-3-thread-1] INFO  com.rs.mv.mvvs.client.catalog.from.scan.CurrentPathScanner - [client:400205]scan file in current open file directory(C:/Users/JZ4874/Documents/scada-react/src/components/navBar)
2024-05-19 18:37:47.080 [pool-3-thread-1] INFO  com.rs.mv.mvvs.client.catalog.from.scan.CurrentPathScanner - [client:400205]scan file in current open file directory(C:/Users/JZ4874/Documents/scada-react/src/components/navBar)
2024-05-19 18:37:52.729 [pool-3-thread-1] INFO  com.rs.mv.mvvs.client.catalog.from.scan.CurrentPathScanner - [client:400205]scan file in current open file directory(C:/Users/JZ4874/Documents/scada-react/src/components/measurementInfo)
2024-05-19 18:38:20.318 [pool-3-thread-1] INFO  com.rs.mv.mvvs.client.catalog.from.scan.CurrentPathScanner - [client:400205]scan file in current open file directory(C:/Users/JZ4874/Documents/scada-react/src/components/measurementInfo)
2024-05-19 18:38:24.899 [pool-3-thread-1] INFO  com.rs.mv.mvvs.client.catalog.from.scan.CurrentPathScanner - [client:400205]scan file in current open file directory(C:/Users/JZ4874/Documents/scada-react/src/components/measurement)
2024-05-19 18:38:29.987 [pool-3-thread-1] INFO  com.rs.mv.mvvs.client.catalog.from.scan.CurrentPathScanner - [client:400205]scan file in current open file directory(C:/Users/JZ4874/Documents/scada-react/src/components/measurement)
2024-05-19 18:38:32.909 [pool-3-thread-1] INFO  com.rs.mv.mvvs.client.catalog.from.scan.CurrentPathScanner - [client:400205]scan file in current open file directory(C:/Users/JZ4874/Documents/scada-react/src/components/fileContext)
2024-05-19 18:38:35.437 [pool-3-thread-1] INFO  com.rs.mv.mvvs.client.catalog.from.scan.CurrentPathScanner - [client:400205]scan file in current open file directory(C:/Users/JZ4874/Documents/scada-react/src/components/alarmsSideBar)
2024-05-19 18:40:39.473 [pool-3-thread-1] INFO  com.rs.mv.mvvs.client.catalog.from.scan.CurrentPathScanner - [client:400205]scan file in current open file directory(C:/Users/JZ4874/Documents/scada-react/src/components/alarmsSideBar)
2024-05-19 18:40:47.386 [pool-3-thread-1] INFO  com.rs.mv.mvvs.client.catalog.from.scan.CurrentPathScanner - [client:400205]scan file in current open file directory(C:/Users/JZ4874/Documents/scada-react/src/components/alarmsSideBar)
2024-05-19 18:40:50.731 [pool-3-thread-1] INFO  com.rs.mv.mvvs.client.catalog.from.scan.CurrentPathScanner - [client:400205]scan file in current open file directory(C:/Users/JZ4874/Documents/scada-react/src/components/alarmsSideBar)
2024-05-19 18:40:57.126 [pool-3-thread-1] INFO  com.rs.mv.mvvs.client.catalog.from.scan.CurrentPathScanner - [client:400205]scan file in current open file directory(C:/Users/JZ4874/Documents/scada-react/src/components/alarm)
2024-05-19 18:41:01.660 [pool-3-thread-1] INFO  com.rs.mv.mvvs.client.catalog.from.scan.CurrentPathScanner - [client:400205]scan file in current open file directory(C:/Users/JZ4874/Documents/scada-react/src/components/alarm)
2024-05-19 18:41:09.442 [pool-3-thread-1] INFO  com.rs.mv.mvvs.client.catalog.from.scan.CurrentPathScanner - [client:400205]scan file in current open file directory(C:/Users/JZ4874/Documents/scada-server)
